<?xml version="1.0" encoding="utf-8"?>
<CoverageSession xmlns:xsd="http://www.w3.org/2001/XMLSchema" xmlns:xsi="http://www.w3.org/2001/XMLSchema-instance" Version="0.0.0.0">
  <Summary numSequencePoints="822" visitedSequencePoints="663" numBranchPoints="0" visitedBranchPoints="0" sequenceCoverage="80.66" branchCoverage="0.0" maxCyclomaticComplexity="0" minCyclomaticComplexity="0" maxCrapScore="0" minCrapScore="0" visitedClasses="11" numClasses="12" visitedMethods="60" numMethods="69" />
  <Modules>
    <Module>
      <Summary numSequencePoints="747" visitedSequencePoints="588" numBranchPoints="0" visitedBranchPoints="0" sequenceCoverage="78.71" branchCoverage="0.0" maxCyclomaticComplexity="0" minCyclomaticComplexity="0" maxCrapScore="0" minCrapScore="0" visitedClasses="6" numClasses="7" visitedMethods="55" numMethods="64" />
      <ModuleTime>0001-01-01T00:00:00</ModuleTime>
      <ModuleName>Game</ModuleName>
      <Files>
        <File uid="3" fullPath="/var/home/zateros/Dev/Unity/SzenvedIK/Assets/Scripts/Classes/AStar.cs" />
        <File uid="4" fullPath="/var/home/zateros/Dev/Unity/SzenvedIK/Assets/Scripts/Classes/Animal.cs" />
        <File uid="5" fullPath="/var/home/zateros/Dev/Unity/SzenvedIK/Assets/Scripts/Classes/AnimalAnimator.cs" />
        <File uid="6" fullPath="/var/home/zateros/Dev/Unity/SzenvedIK/Assets/Scripts/Classes/Bush.cs" />
        <File uid="7" fullPath="/var/home/zateros/Dev/Unity/SzenvedIK/Assets/Scripts/Classes/Carnivore.cs" />
        <File uid="8" fullPath="/var/home/zateros/Dev/Unity/SzenvedIK/Assets/Scripts/Classes/Cheetah.cs" />
        <File uid="9" fullPath="/var/home/zateros/Dev/Unity/SzenvedIK/Assets/Scripts/Classes/Chip.cs" />
        <File uid="10" fullPath="/var/home/zateros/Dev/Unity/SzenvedIK/Assets/Scripts/Classes/GameManager.cs" />
        <File uid="11" fullPath="/var/home/zateros/Dev/Unity/SzenvedIK/Assets/Scripts/Classes/Giraffe.cs" />
        <File uid="12" fullPath="/var/home/zateros/Dev/Unity/SzenvedIK/Assets/Scripts/Classes/Grass.cs" />
        <File uid="13" fullPath="/var/home/zateros/Dev/Unity/SzenvedIK/Assets/Scripts/Classes/Heap.cs" />
        <File uid="14" fullPath="/var/home/zateros/Dev/Unity/SzenvedIK/Assets/Scripts/Classes/Herbivore.cs" />
        <File uid="15" fullPath="/var/home/zateros/Dev/Unity/SzenvedIK/Assets/Scripts/Classes/Hill.cs" />
        <File uid="16" fullPath="/var/home/zateros/Dev/Unity/SzenvedIK/Assets/Scripts/Classes/Hyena.cs" />
        <File uid="17" fullPath="/var/home/zateros/Dev/Unity/SzenvedIK/Assets/Scripts/Classes/IPurchasable.cs" />
        <File uid="18" fullPath="/var/home/zateros/Dev/Unity/SzenvedIK/Assets/Scripts/Classes/Lion.cs" />
        <File uid="19" fullPath="/var/home/zateros/Dev/Unity/SzenvedIK/Assets/Scripts/Classes/Load.cs" />
        <File uid="20" fullPath="/var/home/zateros/Dev/Unity/SzenvedIK/Assets/Scripts/Classes/Map.cs" />
        <File uid="21" fullPath="/var/home/zateros/Dev/Unity/SzenvedIK/Assets/Scripts/Classes/Node.cs" />
        <File uid="22" fullPath="/var/home/zateros/Dev/Unity/SzenvedIK/Assets/Scripts/Classes/PathManager.cs" />
        <File uid="23" fullPath="/var/home/zateros/Dev/Unity/SzenvedIK/Assets/Scripts/Classes/Placer.cs" />
        <File uid="24" fullPath="/var/home/zateros/Dev/Unity/SzenvedIK/Assets/Scripts/Classes/Plant.cs" />
        <File uid="25" fullPath="/var/home/zateros/Dev/Unity/SzenvedIK/Assets/Scripts/Classes/Poacher.cs" />
        <File uid="26" fullPath="/var/home/zateros/Dev/Unity/SzenvedIK/Assets/Scripts/Classes/Rhino.cs" />
        <File uid="27" fullPath="/var/home/zateros/Dev/Unity/SzenvedIK/Assets/Scripts/Classes/Road.cs" />
        <File uid="28" fullPath="/var/home/zateros/Dev/Unity/SzenvedIK/Assets/Scripts/Classes/Save.cs" />
        <File uid="29" fullPath="/var/home/zateros/Dev/Unity/SzenvedIK/Assets/Scripts/Classes/SpawnEntities.cs" />
        <File uid="30" fullPath="/var/home/zateros/Dev/Unity/SzenvedIK/Assets/Scripts/Classes/Tree.cs" />
        <File uid="31" fullPath="/var/home/zateros/Dev/Unity/SzenvedIK/Assets/Scripts/Classes/Turist.cs" />
        <File uid="32" fullPath="/var/home/zateros/Dev/Unity/SzenvedIK/Assets/Scripts/Classes/Vehicle.cs" />
        <File uid="33" fullPath="/var/home/zateros/Dev/Unity/SzenvedIK/Assets/Scripts/Classes/VehiclePath.cs" />
        <File uid="34" fullPath="/var/home/zateros/Dev/Unity/SzenvedIK/Assets/Scripts/Classes/Water.cs" />
        <File uid="35" fullPath="/var/home/zateros/Dev/Unity/SzenvedIK/Assets/Scripts/Classes/Zebra.cs" />
        <File uid="36" fullPath="/var/home/zateros/Dev/Unity/SzenvedIK/Assets/Scripts/Editor/BuildCommand.cs" />
        <File uid="37" fullPath="/var/home/zateros/Dev/Unity/SzenvedIK/Assets/Scripts/Environment/DayNightCycle.cs" />
        <File uid="38" fullPath="/var/home/zateros/Dev/Unity/SzenvedIK/Assets/Scripts/Environment/DepthSorting.cs" />
        <File uid="39" fullPath="/var/home/zateros/Dev/Unity/SzenvedIK/Assets/Scripts/Environment/SpriteRandomizer.cs" />
        <File uid="40" fullPath="/var/home/zateros/Dev/Unity/SzenvedIK/Assets/Scripts/GenerationTools.cs" />
        <File uid="41" fullPath="/var/home/zateros/Dev/Unity/SzenvedIK/Assets/Scripts/MainMenuSciprts/BackBtn.cs" />
        <File uid="42" fullPath="/var/home/zateros/Dev/Unity/SzenvedIK/Assets/Scripts/MainMenuSciprts/DifficultyBtns.cs" />
        <File uid="43" fullPath="/var/home/zateros/Dev/Unity/SzenvedIK/Assets/Scripts/MainMenuSciprts/MenuManager.cs" />
        <File uid="44" fullPath="/var/home/zateros/Dev/Unity/SzenvedIK/Assets/Scripts/MainMenuSciprts/SettingsScripts.cs" />
        <File uid="45" fullPath="/var/home/zateros/Dev/Unity/SzenvedIK/Assets/Scripts/MainMenuSciprts/SwitchSprite.cs" />
        <File uid="46" fullPath="/var/home/zateros/Dev/Unity/SzenvedIK/Assets/Scripts/MainMenuSciprts/TutorialScripts.cs" />
        <File uid="47" fullPath="/var/home/zateros/Dev/Unity/SzenvedIK/Assets/Scripts/MoveCamera.cs" />
        <File uid="48" fullPath="/var/home/zateros/Dev/Unity/SzenvedIK/Assets/Scripts/ScrollZoom.cs" />
        <File uid="49" fullPath="/var/home/zateros/Dev/Unity/SzenvedIK/Assets/Scripts/UIScripts/Blip.cs" />
        <File uid="50" fullPath="/var/home/zateros/Dev/Unity/SzenvedIK/Assets/Scripts/UIScripts/DateLabelDisplay.cs" />
        <File uid="51" fullPath="/var/home/zateros/Dev/Unity/SzenvedIK/Assets/Scripts/UIScripts/DestroyOverTime.cs" />
        <File uid="52" fullPath="/var/home/zateros/Dev/Unity/SzenvedIK/Assets/Scripts/UIScripts/GameOverMenu.cs" />
        <File uid="53" fullPath="/var/home/zateros/Dev/Unity/SzenvedIK/Assets/Scripts/UIScripts/GameWonMenu.cs" />
        <File uid="54" fullPath="/var/home/zateros/Dev/Unity/SzenvedIK/Assets/Scripts/UIScripts/Minimap.cs" />
        <File uid="55" fullPath="/var/home/zateros/Dev/Unity/SzenvedIK/Assets/Scripts/UIScripts/MoneyLabelUpdater.cs" />
        <File uid="56" fullPath="/var/home/zateros/Dev/Unity/SzenvedIK/Assets/Scripts/UIScripts/Notifier.cs" />
        <File uid="57" fullPath="/var/home/zateros/Dev/Unity/SzenvedIK/Assets/Scripts/UIScripts/PauseMenu.cs" />
        <File uid="58" fullPath="/var/home/zateros/Dev/Unity/SzenvedIK/Assets/Scripts/UIScripts/PricesPanelScript.cs" />
        <File uid="59" fullPath="/var/home/zateros/Dev/Unity/SzenvedIK/Assets/Scripts/UIScripts/ProgressBar.cs" />
        <File uid="60" fullPath="/var/home/zateros/Dev/Unity/SzenvedIK/Assets/Scripts/UIScripts/PurchasableBtnClick.cs" />
        <File uid="61" fullPath="/var/home/zateros/Dev/Unity/SzenvedIK/Assets/Scripts/UIScripts/PutDownEntity.cs" />
        <File uid="62" fullPath="/var/home/zateros/Dev/Unity/SzenvedIK/Assets/Scripts/UIScripts/TimeScaleDisplay.cs" />
        <File uid="63" fullPath="/var/home/zateros/Dev/Unity/SzenvedIK/Assets/Scripts/UIScripts/ToggleSwitch.cs" />
      </Files>
      <Classes>
        <Class>
          <Summary numSequencePoints="158" visitedSequencePoints="119" numBranchPoints="0" visitedBranchPoints="0" sequenceCoverage="75.32" branchCoverage="0.0" maxCyclomaticComplexity="0" minCyclomaticComplexity="0" maxCrapScore="0" minCrapScore="0" visitedClasses="1" numClasses="1" visitedMethods="16" numMethods="16" />
          <FullName>GameManager</FullName>
          <Methods>
            <Method visited="true" cyclomaticComplexity="0" nPathComplexity="0" sequenceCoverage="100.0" branchCoverage="0" crapScore="0" isConstructor="false" isStatic="false" isGetter="true" isSetter="false">
              <Summary numSequencePoints="1" visitedSequencePoints="1" numBranchPoints="0" visitedBranchPoints="0" sequenceCoverage="100.0" branchCoverage="0" maxCyclomaticComplexity="0" minCyclomaticComplexity="0" maxCrapScore="0" minCrapScore="0" visitedClasses="0" numClasses="0" visitedMethods="1" numMethods="1" />
              <MetadataToken>100663364</MetadataToken>
              <Name>Node[,] GameManager::get_WMap()</Name>
              <FileRef uid="10" />
              <SequencePoints>
                <SequencePoint vc="5000" uspid="3982" ordinal="0" offset="0" sl="62" sc="27" el="62" ec="27" bec="0" bev="0" fileid="10" />
              </SequencePoints>
              <BranchPoints />
            </Method>
            <Method visited="true" cyclomaticComplexity="0" nPathComplexity="0" sequenceCoverage="100.0" branchCoverage="0" crapScore="0" isConstructor="false" isStatic="false" isGetter="false" isSetter="true">
              <Summary numSequencePoints="1" visitedSequencePoints="1" numBranchPoints="0" visitedBranchPoints="0" sequenceCoverage="100.0" branchCoverage="0" maxCyclomaticComplexity="0" minCyclomaticComplexity="0" maxCrapScore="0" minCrapScore="0" visitedClasses="0" numClasses="0" visitedMethods="1" numMethods="1" />
              <MetadataToken>100663365</MetadataToken>
              <Name>System.Void GameManager::set_WMap(Node[,])</Name>
              <FileRef uid="10" />
              <SequencePoints>
                <SequencePoint vc="1" uspid="3983" ordinal="0" offset="0" sl="62" sc="32" el="62" ec="32" bec="0" bev="0" fileid="10" />
              </SequencePoints>
              <BranchPoints />
            </Method>
            <Method visited="true" cyclomaticComplexity="0" nPathComplexity="0" sequenceCoverage="100.0" branchCoverage="0" crapScore="0" isConstructor="false" isStatic="false" isGetter="true" isSetter="false">
              <Summary numSequencePoints="1" visitedSequencePoints="1" numBranchPoints="0" visitedBranchPoints="0" sequenceCoverage="100.0" branchCoverage="0" maxCyclomaticComplexity="0" minCyclomaticComplexity="0" maxCrapScore="0" minCrapScore="0" visitedClasses="0" numClasses="0" visitedMethods="1" numMethods="1" />
              <MetadataToken>100663366</MetadataToken>
              <Name>Plant[,] GameManager::get_Plants()</Name>
              <FileRef uid="10" />
              <SequencePoints>
                <SequencePoint vc="864" uspid="3984" ordinal="0" offset="0" sl="63" sc="30" el="63" ec="30" bec="0" bev="0" fileid="10" />
              </SequencePoints>
              <BranchPoints />
            </Method>
            <Method visited="true" cyclomaticComplexity="0" nPathComplexity="0" sequenceCoverage="100.0" branchCoverage="0" crapScore="0" isConstructor="false" isStatic="false" isGetter="false" isSetter="true">
              <Summary numSequencePoints="1" visitedSequencePoints="1" numBranchPoints="0" visitedBranchPoints="0" sequenceCoverage="100.0" branchCoverage="0" maxCyclomaticComplexity="0" minCyclomaticComplexity="0" maxCrapScore="0" minCrapScore="0" visitedClasses="0" numClasses="0" visitedMethods="1" numMethods="1" />
              <MetadataToken>100663367</MetadataToken>
              <Name>System.Void GameManager::set_Plants(Plant[,])</Name>
              <FileRef uid="10" />
              <SequencePoints>
                <SequencePoint vc="1" uspid="3985" ordinal="0" offset="0" sl="63" sc="35" el="63" ec="35" bec="0" bev="0" fileid="10" />
              </SequencePoints>
              <BranchPoints />
            </Method>
            <Method visited="true" cyclomaticComplexity="0" nPathComplexity="0" sequenceCoverage="100.0" branchCoverage="0" crapScore="0" isConstructor="false" isStatic="false" isGetter="true" isSetter="false">
              <Summary numSequencePoints="1" visitedSequencePoints="1" numBranchPoints="0" visitedBranchPoints="0" sequenceCoverage="100.0" branchCoverage="0" maxCyclomaticComplexity="0" minCyclomaticComplexity="0" maxCrapScore="0" minCrapScore="0" visitedClasses="0" numClasses="0" visitedMethods="1" numMethods="1" />
              <MetadataToken>100663387</MetadataToken>
              <Name>Map GameManager::get_GameTable()</Name>
              <FileRef uid="10" />
              <SequencePoints>
                <SequencePoint vc="5001" uspid="4005" ordinal="0" offset="0" sl="98" sc="35" el="98" ec="35" bec="0" bev="0" fileid="10" />
              </SequencePoints>
              <BranchPoints />
            </Method>
            <Method visited="true" cyclomaticComplexity="0" nPathComplexity="0" sequenceCoverage="100.0" branchCoverage="0" crapScore="0" isConstructor="false" isStatic="false" isGetter="true" isSetter="false">
              <Summary numSequencePoints="1" visitedSequencePoints="1" numBranchPoints="0" visitedBranchPoints="0" sequenceCoverage="100.0" branchCoverage="0" maxCyclomaticComplexity="0" minCyclomaticComplexity="0" maxCrapScore="0" minCrapScore="0" visitedClasses="0" numClasses="0" visitedMethods="1" numMethods="1" />
              <MetadataToken>100663391</MetadataToken>
              <Name>System.DateTime GameManager::get_Date()</Name>
              <FileRef uid="10" />
              <SequencePoints>
                <SequencePoint vc="301" uspid="4012" ordinal="0" offset="0" sl="101" sc="35" el="101" ec="35" bec="0" bev="0" fileid="10" />
              </SequencePoints>
              <BranchPoints />
            </Method>
            <Method visited="true" cyclomaticComplexity="0" nPathComplexity="0" sequenceCoverage="100.0" branchCoverage="0" crapScore="0" isConstructor="false" isStatic="false" isGetter="false" isSetter="true">
              <Summary numSequencePoints="4" visitedSequencePoints="4" numBranchPoints="0" visitedBranchPoints="0" sequenceCoverage="100.0" branchCoverage="0" maxCyclomaticComplexity="0" minCyclomaticComplexity="0" maxCrapScore="0" minCrapScore="0" visitedClasses="0" numClasses="0" visitedMethods="1" numMethods="1" />
              <MetadataToken>100663392</MetadataToken>
              <Name>System.Void GameManager::set_Date(System.DateTime)</Name>
              <FileRef uid="10" />
              <SequencePoints>
                <SequencePoint vc="1" uspid="4013" ordinal="0" offset="0" sl="101" sc="54" el="101" ec="54" bec="0" bev="0" fileid="10" />
                <SequencePoint vc="1" uspid="4014" ordinal="0" offset="1" sl="101" sc="56" el="101" ec="56" bec="0" bev="0" fileid="10" />
                <SequencePoint vc="1" uspid="4015" ordinal="0" offset="17" sl="101" sc="76" el="101" ec="76" bec="0" bev="0" fileid="10" />
                <SequencePoint vc="1" uspid="4016" ordinal="0" offset="24" sl="101" sc="91" el="101" ec="91" bec="0" bev="0" fileid="10" />
              </SequencePoints>
              <BranchPoints />
            </Method>
            <Method visited="true" cyclomaticComplexity="0" nPathComplexity="0" sequenceCoverage="100.0" branchCoverage="0" crapScore="0" isConstructor="false" isStatic="false" isGetter="false" isSetter="true">
              <Summary numSequencePoints="1" visitedSequencePoints="1" numBranchPoints="0" visitedBranchPoints="0" sequenceCoverage="100.0" branchCoverage="0" maxCyclomaticComplexity="0" minCyclomaticComplexity="0" maxCrapScore="0" minCrapScore="0" visitedClasses="0" numClasses="0" visitedMethods="1" numMethods="1" />
              <MetadataToken>100663397</MetadataToken>
              <Name>System.Void GameManager::set_Routes(.Heap[VehiclePath])</Name>
              <FileRef uid="10" />
              <SequencePoints>
                <SequencePoint vc="1" uspid="4026" ordinal="0" offset="0" sl="111" sc="44" el="111" ec="44" bec="0" bev="0" fileid="10" />
              </SequencePoints>
              <BranchPoints />
            </Method>
            <Method visited="true" cyclomaticComplexity="0" nPathComplexity="0" sequenceCoverage="100.0" branchCoverage="0" crapScore="0" isConstructor="false" isStatic="false" isGetter="true" isSetter="false">
              <Summary numSequencePoints="1" visitedSequencePoints="1" numBranchPoints="0" visitedBranchPoints="0" sequenceCoverage="100.0" branchCoverage="0" maxCyclomaticComplexity="0" minCyclomaticComplexity="0" maxCrapScore="0" minCrapScore="0" visitedClasses="0" numClasses="0" visitedMethods="1" numMethods="1" />
              <MetadataToken>100663398</MetadataToken>
              <Name>System.Boolean GameManager::get_IsGameRunnning()</Name>
              <FileRef uid="10" />
              <SequencePoints>
                <SequencePoint vc="150" uspid="4027" ordinal="0" offset="0" sl="112" sc="34" el="112" ec="34" bec="0" bev="0" fileid="10" />
              </SequencePoints>
              <BranchPoints />
            </Method>
            <Method visited="true" cyclomaticComplexity="0" nPathComplexity="0" sequenceCoverage="100.0" branchCoverage="0" crapScore="0" isConstructor="false" isStatic="false" isGetter="false" isSetter="true">
              <Summary numSequencePoints="1" visitedSequencePoints="1" numBranchPoints="0" visitedBranchPoints="0" sequenceCoverage="100.0" branchCoverage="0" maxCyclomaticComplexity="0" minCyclomaticComplexity="0" maxCrapScore="0" minCrapScore="0" visitedClasses="0" numClasses="0" visitedMethods="1" numMethods="1" />
              <MetadataToken>100663399</MetadataToken>
              <Name>System.Void GameManager::set_IsGameRunnning(System.Boolean)</Name>
              <FileRef uid="10" />
              <SequencePoints>
                <SequencePoint vc="1" uspid="4028" ordinal="0" offset="0" sl="112" sc="39" el="112" ec="39" bec="0" bev="0" fileid="10" />
              </SequencePoints>
              <BranchPoints />
            </Method>
            <Method visited="true" cyclomaticComplexity="0" nPathComplexity="0" sequenceCoverage="100.0" branchCoverage="0" crapScore="0" isConstructor="false" isStatic="false" isGetter="true" isSetter="false">
              <Summary numSequencePoints="1" visitedSequencePoints="1" numBranchPoints="0" visitedBranchPoints="0" sequenceCoverage="100.0" branchCoverage="0" maxCyclomaticComplexity="0" minCyclomaticComplexity="0" maxCrapScore="0" minCrapScore="0" visitedClasses="0" numClasses="0" visitedMethods="1" numMethods="1" />
              <MetadataToken>100663401</MetadataToken>
              <Name>Difficulty GameManager::get_Difficulty()</Name>
              <FileRef uid="10" />
              <SequencePoints>
                <SequencePoint vc="2" uspid="4030" ordinal="0" offset="0" sl="114" sc="43" el="114" ec="43" bec="0" bev="0" fileid="10" />
              </SequencePoints>
              <BranchPoints />
            </Method>
            <Method visited="true" cyclomaticComplexity="0" nPathComplexity="0" sequenceCoverage="63.16" branchCoverage="0" crapScore="0" isConstructor="false" isStatic="false" isGetter="false" isSetter="false">
              <Summary numSequencePoints="57" visitedSequencePoints="36" numBranchPoints="0" visitedBranchPoints="0" sequenceCoverage="63.16" branchCoverage="0" maxCyclomaticComplexity="0" minCyclomaticComplexity="0" maxCrapScore="0" minCrapScore="0" visitedClasses="0" numClasses="0" visitedMethods="1" numMethods="1" />
              <MetadataToken>100663404</MetadataToken>
              <Name>System.Void GameManager::Awake()</Name>
              <FileRef uid="10" />
              <SequencePoints>
                <SequencePoint vc="1" uspid="4040" ordinal="0" offset="0" sl="129" sc="5" el="129" ec="5" bec="0" bev="0" fileid="10" />
                <SequencePoint vc="1" uspid="4041" ordinal="0" offset="1" sl="130" sc="9" el="130" ec="9" bec="0" bev="0" fileid="10" />
                <SequencePoint vc="1" uspid="4042" ordinal="0" offset="7" sl="132" sc="9" el="132" ec="9" bec="0" bev="0" fileid="10" />
                <SequencePoint vc="1" uspid="4043" ordinal="0" offset="28" sl="134" sc="9" el="134" ec="9" bec="0" bev="0" fileid="10" />
                <SequencePoint vc="1" uspid="4044" ordinal="0" offset="39" sl="136" sc="9" el="136" ec="9" bec="0" bev="0" fileid="10" />
                <SequencePoint vc="1" uspid="4045" ordinal="0" offset="71" sl="139" sc="17" el="139" ec="17" bec="0" bev="0" fileid="10" />
                <SequencePoint vc="1" uspid="4046" ordinal="0" offset="78" sl="140" sc="17" el="140" ec="17" bec="0" bev="0" fileid="10" />
                <SequencePoint vc="1" uspid="4047" ordinal="0" offset="89" sl="141" sc="17" el="141" ec="17" bec="0" bev="0" fileid="10" />
                <SequencePoint vc="1" uspid="4048" ordinal="0" offset="100" sl="142" sc="17" el="142" ec="17" bec="0" bev="0" fileid="10" />
                <SequencePoint vc="1" uspid="4049" ordinal="0" offset="107" sl="143" sc="17" el="143" ec="17" bec="0" bev="0" fileid="10" />
                <SequencePoint vc="1" uspid="4050" ordinal="0" offset="115" sl="144" sc="17" el="144" ec="17" bec="0" bev="0" fileid="10" />
                <SequencePoint vc="1" uspid="4051" ordinal="0" offset="123" sl="145" sc="17" el="145" ec="17" bec="0" bev="0" fileid="10" />
                <SequencePoint vc="1" uspid="4052" ordinal="0" offset="131" sl="146" sc="17" el="146" ec="17" bec="0" bev="0" fileid="10" />
                <SequencePoint vc="1" uspid="4053" ordinal="0" offset="139" sl="147" sc="17" el="147" ec="17" bec="0" bev="0" fileid="10" />
                <SequencePoint vc="1" uspid="4054" ordinal="0" offset="160" sl="148" sc="17" el="148" ec="17" bec="0" bev="0" fileid="10" />
                <SequencePoint vc="0" uspid="4055" ordinal="0" offset="165" sl="150" sc="17" el="150" ec="17" bec="0" bev="0" fileid="10" />
                <SequencePoint vc="0" uspid="4056" ordinal="0" offset="172" sl="151" sc="17" el="151" ec="17" bec="0" bev="0" fileid="10" />
                <SequencePoint vc="0" uspid="4057" ordinal="0" offset="183" sl="152" sc="17" el="152" ec="17" bec="0" bev="0" fileid="10" />
                <SequencePoint vc="0" uspid="4058" ordinal="0" offset="194" sl="153" sc="17" el="153" ec="17" bec="0" bev="0" fileid="10" />
                <SequencePoint vc="0" uspid="4059" ordinal="0" offset="202" sl="154" sc="17" el="154" ec="17" bec="0" bev="0" fileid="10" />
                <SequencePoint vc="0" uspid="4060" ordinal="0" offset="210" sl="155" sc="17" el="155" ec="17" bec="0" bev="0" fileid="10" />
                <SequencePoint vc="0" uspid="4061" ordinal="0" offset="218" sl="156" sc="17" el="156" ec="17" bec="0" bev="0" fileid="10" />
                <SequencePoint vc="0" uspid="4062" ordinal="0" offset="226" sl="157" sc="17" el="157" ec="17" bec="0" bev="0" fileid="10" />
                <SequencePoint vc="0" uspid="4063" ordinal="0" offset="234" sl="158" sc="17" el="158" ec="17" bec="0" bev="0" fileid="10" />
                <SequencePoint vc="0" uspid="4064" ordinal="0" offset="255" sl="159" sc="17" el="159" ec="17" bec="0" bev="0" fileid="10" />
                <SequencePoint vc="0" uspid="4065" ordinal="0" offset="257" sl="161" sc="17" el="161" ec="17" bec="0" bev="0" fileid="10" />
                <SequencePoint vc="0" uspid="4066" ordinal="0" offset="265" sl="162" sc="17" el="162" ec="17" bec="0" bev="0" fileid="10" />
                <SequencePoint vc="0" uspid="4067" ordinal="0" offset="276" sl="163" sc="17" el="163" ec="17" bec="0" bev="0" fileid="10" />
                <SequencePoint vc="0" uspid="4068" ordinal="0" offset="287" sl="164" sc="17" el="164" ec="17" bec="0" bev="0" fileid="10" />
                <SequencePoint vc="0" uspid="4069" ordinal="0" offset="295" sl="165" sc="17" el="165" ec="17" bec="0" bev="0" fileid="10" />
                <SequencePoint vc="0" uspid="4070" ordinal="0" offset="303" sl="166" sc="17" el="166" ec="17" bec="0" bev="0" fileid="10" />
                <SequencePoint vc="0" uspid="4071" ordinal="0" offset="311" sl="167" sc="17" el="167" ec="17" bec="0" bev="0" fileid="10" />
                <SequencePoint vc="0" uspid="4072" ordinal="0" offset="319" sl="168" sc="17" el="168" ec="17" bec="0" bev="0" fileid="10" />
                <SequencePoint vc="0" uspid="4073" ordinal="0" offset="327" sl="169" sc="17" el="169" ec="17" bec="0" bev="0" fileid="10" />
                <SequencePoint vc="0" uspid="4074" ordinal="0" offset="354" sl="170" sc="17" el="170" ec="17" bec="0" bev="0" fileid="10" />
                <SequencePoint vc="0" uspid="4075" ordinal="0" offset="356" sl="172" sc="17" el="172" ec="17" bec="0" bev="0" fileid="10" />
                <SequencePoint vc="1" uspid="4076" ordinal="0" offset="358" sl="175" sc="9" el="175" ec="9" bec="0" bev="0" fileid="10" />
                <SequencePoint vc="1" uspid="4077" ordinal="0" offset="369" sl="176" sc="9" el="176" ec="9" bec="0" bev="0" fileid="10" />
                <SequencePoint vc="1" uspid="4078" ordinal="0" offset="380" sl="177" sc="9" el="177" ec="9" bec="0" bev="0" fileid="10" />
                <SequencePoint vc="1" uspid="4079" ordinal="0" offset="391" sl="178" sc="9" el="178" ec="9" bec="0" bev="0" fileid="10" />
                <SequencePoint vc="1" uspid="4080" ordinal="0" offset="402" sl="179" sc="9" el="179" ec="9" bec="0" bev="0" fileid="10" />
                <SequencePoint vc="1" uspid="4081" ordinal="0" offset="413" sl="180" sc="9" el="180" ec="9" bec="0" bev="0" fileid="10" />
                <SequencePoint vc="1" uspid="4082" ordinal="0" offset="424" sl="182" sc="9" el="182" ec="9" bec="0" bev="0" fileid="10" />
                <SequencePoint vc="1" uspid="4083" ordinal="0" offset="435" sl="183" sc="9" el="183" ec="9" bec="0" bev="0" fileid="10" />
                <SequencePoint vc="1" uspid="4084" ordinal="0" offset="446" sl="184" sc="9" el="184" ec="9" bec="0" bev="0" fileid="10" />
                <SequencePoint vc="1" uspid="4085" ordinal="0" offset="457" sl="186" sc="9" el="186" ec="9" bec="0" bev="0" fileid="10" />
                <SequencePoint vc="1" uspid="4086" ordinal="0" offset="475" sl="188" sc="9" el="188" ec="9" bec="0" bev="0" fileid="10" />
                <SequencePoint vc="1" uspid="4087" ordinal="0" offset="487" sl="189" sc="9" el="189" ec="9" bec="0" bev="0" fileid="10" />
                <SequencePoint vc="1" uspid="4088" ordinal="0" offset="513" sl="190" sc="9" el="190" ec="9" bec="0" bev="0" fileid="10" />
                <SequencePoint vc="1" uspid="4089" ordinal="0" offset="520" sl="191" sc="9" el="191" ec="9" bec="0" bev="0" fileid="10" />
                <SequencePoint vc="1" uspid="4090" ordinal="0" offset="531" sl="193" sc="9" el="193" ec="9" bec="0" bev="0" fileid="10" />
                <SequencePoint vc="1" uspid="4091" ordinal="0" offset="582" sl="194" sc="9" el="194" ec="9" bec="0" bev="0" fileid="10" />
                <SequencePoint vc="1" uspid="4092" ordinal="0" offset="632" sl="195" sc="9" el="195" ec="9" bec="0" bev="0" fileid="10" />
                <SequencePoint vc="1" uspid="4093" ordinal="0" offset="682" sl="197" sc="9" el="197" ec="9" bec="0" bev="0" fileid="10" />
                <SequencePoint vc="1" uspid="4094" ordinal="0" offset="714" sl="199" sc="9" el="199" ec="9" bec="0" bev="0" fileid="10" />
                <SequencePoint vc="1" uspid="4095" ordinal="0" offset="722" sl="201" sc="9" el="201" ec="9" bec="0" bev="0" fileid="10" />
                <SequencePoint vc="1" uspid="4096" ordinal="0" offset="729" sl="202" sc="5" el="202" ec="5" bec="0" bev="0" fileid="10" />
              </SequencePoints>
              <BranchPoints />
            </Method>
            <Method visited="true" cyclomaticComplexity="0" nPathComplexity="0" sequenceCoverage="67.57" branchCoverage="0" crapScore="0" isConstructor="false" isStatic="false" isGetter="false" isSetter="false">
              <Summary numSequencePoints="37" visitedSequencePoints="25" numBranchPoints="0" visitedBranchPoints="0" sequenceCoverage="67.57" branchCoverage="0" maxCyclomaticComplexity="0" minCyclomaticComplexity="0" maxCrapScore="0" minCrapScore="0" visitedClasses="0" numClasses="0" visitedMethods="1" numMethods="1" />
              <MetadataToken>100663405</MetadataToken>
              <Name>System.Void GameManager::Update()</Name>
              <FileRef uid="10" />
              <SequencePoints>
                <SequencePoint vc="150" uspid="4097" ordinal="0" offset="0" sl="206" sc="5" el="206" ec="5" bec="0" bev="0" fileid="10" />
                <SequencePoint vc="150" uspid="4098" ordinal="0" offset="1" sl="207" sc="9" el="207" ec="9" bec="0" bev="0" fileid="10" />
                <SequencePoint vc="150" uspid="4099" ordinal="0" offset="27" sl="209" sc="9" el="209" ec="9" bec="0" bev="0" fileid="10" />
                <SequencePoint vc="0" uspid="4100" ordinal="0" offset="40" sl="210" sc="13" el="210" ec="13" bec="0" bev="0" fileid="10" />
                <SequencePoint vc="150" uspid="4101" ordinal="0" offset="47" sl="212" sc="9" el="212" ec="9" bec="0" bev="0" fileid="10" />
                <SequencePoint vc="0" uspid="4102" ordinal="0" offset="69" sl="213" sc="9" el="213" ec="9" bec="0" bev="0" fileid="10" />
                <SequencePoint vc="0" uspid="4103" ordinal="0" offset="70" sl="214" sc="13" el="214" ec="13" bec="0" bev="0" fileid="10" />
                <SequencePoint vc="0" uspid="4104" ordinal="0" offset="78" sl="215" sc="9" el="215" ec="9" bec="0" bev="0" fileid="10" />
                <SequencePoint vc="150" uspid="4105" ordinal="0" offset="79" sl="217" sc="9" el="217" ec="9" bec="0" bev="0" fileid="10" />
                <SequencePoint vc="150" uspid="4106" ordinal="0" offset="120" sl="218" sc="9" el="218" ec="9" bec="0" bev="0" fileid="10" />
                <SequencePoint vc="150" uspid="4107" ordinal="0" offset="161" sl="220" sc="9" el="220" ec="9" bec="0" bev="0" fileid="10" />
                <SequencePoint vc="150" uspid="4108" ordinal="0" offset="177" sl="221" sc="9" el="221" ec="9" bec="0" bev="0" fileid="10" />
                <SequencePoint vc="150" uspid="4109" ordinal="0" offset="178" sl="222" sc="13" el="222" ec="13" bec="0" bev="0" fileid="10" />
                <SequencePoint vc="150" uspid="4110" ordinal="0" offset="244" sl="223" sc="13" el="223" ec="13" bec="0" bev="0" fileid="10" />
                <SequencePoint vc="150" uspid="4111" ordinal="0" offset="245" sl="224" sc="17" el="224" ec="17" bec="0" bev="0" fileid="10" />
                <SequencePoint vc="150" uspid="4112" ordinal="0" offset="288" sl="225" sc="17" el="225" ec="17" bec="0" bev="0" fileid="10" />
                <SequencePoint vc="1" uspid="4113" ordinal="0" offset="303" sl="226" sc="17" el="226" ec="17" bec="0" bev="0" fileid="10" />
                <SequencePoint vc="1" uspid="4114" ordinal="0" offset="304" sl="227" sc="21" el="227" ec="21" bec="0" bev="0" fileid="10" />
                <SequencePoint vc="1" uspid="4115" ordinal="0" offset="332" sl="228" sc="21" el="228" ec="21" bec="0" bev="0" fileid="10" />
                <SequencePoint vc="0" uspid="4116" ordinal="0" offset="349" sl="228" sc="52" el="228" ec="52" bec="0" bev="0" fileid="10" />
                <SequencePoint vc="1" uspid="4117" ordinal="0" offset="362" sl="229" sc="21" el="229" ec="21" bec="0" bev="0" fileid="10" />
                <SequencePoint vc="1" uspid="4118" ordinal="0" offset="369" sl="230" sc="17" el="230" ec="17" bec="0" bev="0" fileid="10" />
                <SequencePoint vc="150" uspid="4119" ordinal="0" offset="370" sl="231" sc="13" el="231" ec="13" bec="0" bev="0" fileid="10" />
                <SequencePoint vc="0" uspid="4120" ordinal="0" offset="373" sl="233" sc="13" el="233" ec="13" bec="0" bev="0" fileid="10" />
                <SequencePoint vc="0" uspid="4121" ordinal="0" offset="374" sl="234" sc="17" el="234" ec="17" bec="0" bev="0" fileid="10" />
                <SequencePoint vc="0" uspid="4122" ordinal="0" offset="381" sl="235" sc="13" el="235" ec="13" bec="0" bev="0" fileid="10" />
                <SequencePoint vc="150" uspid="4123" ordinal="0" offset="382" sl="237" sc="13" el="237" ec="13" bec="0" bev="0" fileid="10" />
                <SequencePoint vc="150" uspid="4124" ordinal="0" offset="416" sl="238" sc="17" el="238" ec="17" bec="0" bev="0" fileid="10" />
                <SequencePoint vc="150" uspid="4125" ordinal="0" offset="434" sl="240" sc="13" el="240" ec="13" bec="0" bev="0" fileid="10" />
                <SequencePoint vc="0" uspid="4126" ordinal="0" offset="473" sl="241" sc="13" el="241" ec="13" bec="0" bev="0" fileid="10" />
                <SequencePoint vc="0" uspid="4127" ordinal="0" offset="474" sl="242" sc="17" el="242" ec="17" bec="0" bev="0" fileid="10" />
                <SequencePoint vc="0" uspid="4128" ordinal="0" offset="492" sl="243" sc="17" el="243" ec="17" bec="0" bev="0" fileid="10" />
                <SequencePoint vc="0" uspid="4129" ordinal="0" offset="499" sl="244" sc="13" el="244" ec="13" bec="0" bev="0" fileid="10" />
                <SequencePoint vc="150" uspid="4130" ordinal="0" offset="500" sl="245" sc="9" el="245" ec="9" bec="0" bev="0" fileid="10" />
                <SequencePoint vc="150" uspid="4131" ordinal="0" offset="501" sl="247" sc="9" el="247" ec="9" bec="0" bev="0" fileid="10" />
                <SequencePoint vc="150" uspid="4132" ordinal="0" offset="513" sl="248" sc="13" el="248" ec="13" bec="0" bev="0" fileid="10" />
                <SequencePoint vc="150" uspid="4133" ordinal="0" offset="524" sl="249" sc="5" el="249" ec="5" bec="0" bev="0" fileid="10" />
              </SequencePoints>
              <BranchPoints />
            </Method>
            <Method visited="true" cyclomaticComplexity="0" nPathComplexity="0" sequenceCoverage="86.67" branchCoverage="0" crapScore="0" isConstructor="false" isStatic="false" isGetter="false" isSetter="false">
              <Summary numSequencePoints="45" visitedSequencePoints="39" numBranchPoints="0" visitedBranchPoints="0" sequenceCoverage="86.67" branchCoverage="0" maxCyclomaticComplexity="0" minCyclomaticComplexity="0" maxCrapScore="0" minCrapScore="0" visitedClasses="0" numClasses="0" visitedMethods="1" numMethods="1" />
              <MetadataToken>100663417</MetadataToken>
              <Name>System.Void GameManager::OnMapGenerated()</Name>
              <FileRef uid="10" />
              <SequencePoints>
                <SequencePoint vc="2" uspid="4235" ordinal="0" offset="0" sl="412" sc="5" el="412" ec="5" bec="0" bev="0" fileid="10" />
                <SequencePoint vc="2" uspid="4236" ordinal="0" offset="1" sl="414" sc="14" el="414" ec="14" bec="0" bev="0" fileid="10" />
                <SequencePoint vc="100" uspid="4237" ordinal="0" offset="8" sl="415" sc="9" el="415" ec="9" bec="0" bev="0" fileid="10" />
                <SequencePoint vc="100" uspid="4238" ordinal="0" offset="9" sl="416" sc="18" el="416" ec="18" bec="0" bev="0" fileid="10" />
                <SequencePoint vc="5000" uspid="4239" ordinal="0" offset="16" sl="417" sc="13" el="417" ec="13" bec="0" bev="0" fileid="10" />
                <SequencePoint vc="5000" uspid="4240" ordinal="0" offset="17" sl="418" sc="17" el="418" ec="17" bec="0" bev="0" fileid="10" />
                <SequencePoint vc="186" uspid="4241" ordinal="0" offset="57" sl="421" sc="25" el="421" ec="25" bec="0" bev="0" fileid="10" />
                <SequencePoint vc="186" uspid="4242" ordinal="0" offset="78" sl="422" sc="25" el="422" ec="25" bec="0" bev="0" fileid="10" />
                <SequencePoint vc="497" uspid="4243" ordinal="0" offset="80" sl="424" sc="25" el="424" ec="25" bec="0" bev="0" fileid="10" />
                <SequencePoint vc="497" uspid="4244" ordinal="0" offset="101" sl="425" sc="25" el="425" ec="25" bec="0" bev="0" fileid="10" />
                <SequencePoint vc="10" uspid="4245" ordinal="0" offset="103" sl="427" sc="25" el="427" ec="25" bec="0" bev="0" fileid="10" />
                <SequencePoint vc="10" uspid="4246" ordinal="0" offset="124" sl="428" sc="25" el="428" ec="25" bec="0" bev="0" fileid="10" />
                <SequencePoint vc="4307" uspid="4247" ordinal="0" offset="126" sl="430" sc="25" el="430" ec="25" bec="0" bev="0" fileid="10" />
                <SequencePoint vc="4307" uspid="4248" ordinal="0" offset="147" sl="431" sc="25" el="431" ec="25" bec="0" bev="0" fileid="10" />
                <SequencePoint vc="5000" uspid="4249" ordinal="0" offset="149" sl="433" sc="13" el="433" ec="13" bec="0" bev="0" fileid="10" />
                <SequencePoint vc="5000" uspid="4250" ordinal="0" offset="150" sl="416" sc="51" el="416" ec="51" bec="0" bev="0" fileid="10" />
                <SequencePoint vc="5100" uspid="4251" ordinal="0" offset="154" sl="416" sc="29" el="416" ec="29" bec="0" bev="0" fileid="10" />
                <SequencePoint vc="100" uspid="4252" ordinal="0" offset="186" sl="434" sc="9" el="434" ec="9" bec="0" bev="0" fileid="10" />
                <SequencePoint vc="100" uspid="4253" ordinal="0" offset="187" sl="414" sc="47" el="414" ec="47" bec="0" bev="0" fileid="10" />
                <SequencePoint vc="102" uspid="4254" ordinal="0" offset="191" sl="414" sc="25" el="414" ec="25" bec="0" bev="0" fileid="10" />
                <SequencePoint vc="2" uspid="4255" ordinal="0" offset="223" sl="436" sc="14" el="436" ec="14" bec="0" bev="0" fileid="10" />
                <SequencePoint vc="100" uspid="4256" ordinal="0" offset="231" sl="437" sc="9" el="437" ec="9" bec="0" bev="0" fileid="10" />
                <SequencePoint vc="100" uspid="4257" ordinal="0" offset="232" sl="438" sc="18" el="438" ec="18" bec="0" bev="0" fileid="10" />
                <SequencePoint vc="5000" uspid="4258" ordinal="0" offset="240" sl="439" sc="13" el="439" ec="13" bec="0" bev="0" fileid="10" />
                <SequencePoint vc="5000" uspid="4259" ordinal="0" offset="241" sl="440" sc="17" el="440" ec="17" bec="0" bev="0" fileid="10" />
                <SequencePoint vc="0" uspid="4260" ordinal="0" offset="333" sl="441" sc="17" el="441" ec="17" bec="0" bev="0" fileid="10" />
                <SequencePoint vc="0" uspid="4261" ordinal="0" offset="334" sl="442" sc="21" el="442" ec="21" bec="0" bev="0" fileid="10" />
                <SequencePoint vc="0" uspid="4262" ordinal="0" offset="366" sl="443" sc="17" el="443" ec="17" bec="0" bev="0" fileid="10" />
                <SequencePoint vc="5000" uspid="4263" ordinal="0" offset="367" sl="444" sc="17" el="444" ec="17" bec="0" bev="0" fileid="10" />
                <SequencePoint vc="0" uspid="4264" ordinal="0" offset="459" sl="445" sc="17" el="445" ec="17" bec="0" bev="0" fileid="10" />
                <SequencePoint vc="0" uspid="4265" ordinal="0" offset="460" sl="446" sc="21" el="446" ec="21" bec="0" bev="0" fileid="10" />
                <SequencePoint vc="0" uspid="4266" ordinal="0" offset="492" sl="447" sc="17" el="447" ec="17" bec="0" bev="0" fileid="10" />
                <SequencePoint vc="5000" uspid="4267" ordinal="0" offset="493" sl="448" sc="13" el="448" ec="13" bec="0" bev="0" fileid="10" />
                <SequencePoint vc="5000" uspid="4268" ordinal="0" offset="494" sl="438" sc="51" el="438" ec="51" bec="0" bev="0" fileid="10" />
                <SequencePoint vc="5100" uspid="4269" ordinal="0" offset="500" sl="438" sc="29" el="438" ec="29" bec="0" bev="0" fileid="10" />
                <SequencePoint vc="100" uspid="4270" ordinal="0" offset="533" sl="449" sc="9" el="449" ec="9" bec="0" bev="0" fileid="10" />
                <SequencePoint vc="100" uspid="4271" ordinal="0" offset="534" sl="436" sc="47" el="436" ec="47" bec="0" bev="0" fileid="10" />
                <SequencePoint vc="102" uspid="4272" ordinal="0" offset="540" sl="436" sc="25" el="436" ec="25" bec="0" bev="0" fileid="10" />
                <SequencePoint vc="2" uspid="4273" ordinal="0" offset="573" sl="451" sc="14" el="451" ec="14" bec="0" bev="0" fileid="10" />
                <SequencePoint vc="20" uspid="4274" ordinal="0" offset="578" sl="452" sc="9" el="452" ec="9" bec="0" bev="0" fileid="10" />
                <SequencePoint vc="20" uspid="4275" ordinal="0" offset="579" sl="453" sc="13" el="453" ec="13" bec="0" bev="0" fileid="10" />
                <SequencePoint vc="20" uspid="4276" ordinal="0" offset="607" sl="454" sc="9" el="454" ec="9" bec="0" bev="0" fileid="10" />
                <SequencePoint vc="20" uspid="4277" ordinal="0" offset="608" sl="451" sc="46" el="451" ec="46" bec="0" bev="0" fileid="10" />
                <SequencePoint vc="22" uspid="4278" ordinal="0" offset="614" sl="451" sc="25" el="451" ec="25" bec="0" bev="0" fileid="10" />
                <SequencePoint vc="2" uspid="4279" ordinal="0" offset="630" sl="455" sc="5" el="455" ec="5" bec="0" bev="0" fileid="10" />
              </SequencePoints>
              <BranchPoints />
            </Method>
            <Method visited="true" cyclomaticComplexity="0" nPathComplexity="0" sequenceCoverage="100.0" branchCoverage="0" crapScore="0" isConstructor="false" isStatic="false" isGetter="false" isSetter="false">
              <Summary numSequencePoints="3" visitedSequencePoints="3" numBranchPoints="0" visitedBranchPoints="0" sequenceCoverage="100.0" branchCoverage="0" maxCyclomaticComplexity="0" minCyclomaticComplexity="0" maxCrapScore="0" minCrapScore="0" visitedClasses="0" numClasses="0" visitedMethods="1" numMethods="1" />
              <MetadataToken>100663418</MetadataToken>
              <Name>System.Void GameManager::OnDisable()</Name>
              <FileRef uid="10" />
              <SequencePoints>
                <SequencePoint vc="1" uspid="4280" ordinal="0" offset="0" sl="458" sc="5" el="458" ec="5" bec="0" bev="0" fileid="10" />
                <SequencePoint vc="1" uspid="4281" ordinal="0" offset="1" sl="459" sc="9" el="459" ec="9" bec="0" bev="0" fileid="10" />
                <SequencePoint vc="1" uspid="4282" ordinal="0" offset="33" sl="460" sc="5" el="460" ec="5" bec="0" bev="0" fileid="10" />
              </SequencePoints>
              <BranchPoints />
            </Method>
            <Method visited="true" cyclomaticComplexity="0" nPathComplexity="0" sequenceCoverage="100.0" branchCoverage="0" crapScore="0" isConstructor="true" isStatic="false" isGetter="false" isSetter="false">
              <Summary numSequencePoints="2" visitedSequencePoints="2" numBranchPoints="0" visitedBranchPoints="0" sequenceCoverage="100.0" branchCoverage="0" maxCyclomaticComplexity="0" minCyclomaticComplexity="0" maxCrapScore="0" minCrapScore="0" visitedClasses="0" numClasses="0" visitedMethods="1" numMethods="1" />
              <MetadataToken>100663419</MetadataToken>
              <Name>GameManager::GameManager()</Name>
              <FileRef uid="10" />
              <SequencePoints>
                <SequencePoint vc="1" uspid="4283" ordinal="0" offset="0" sl="43" sc="5" el="43" ec="5" bec="0" bev="0" fileid="10" />
                <SequencePoint vc="1" uspid="4284" ordinal="0" offset="11" sl="64" sc="5" el="64" ec="5" bec="0" bev="0" fileid="10" />
              </SequencePoints>
              <BranchPoints />
            </Method>
          </Methods>
        </Class>
        <Class>
          <Summary numSequencePoints="75" visitedSequencePoints="4" numBranchPoints="0" visitedBranchPoints="0" sequenceCoverage="5.33" branchCoverage="0.0" maxCyclomaticComplexity="0" minCyclomaticComplexity="0" maxCrapScore="0" minCrapScore="0" visitedClasses="1" numClasses="1" visitedMethods="1" numMethods="9" />
          <FullName>Heap[T]</FullName>
          <Methods>
            <Method visited="false" cyclomaticComplexity="0" nPathComplexity="0" sequenceCoverage="0.0" branchCoverage="0" crapScore="0" isConstructor="false" isStatic="false" isGetter="false" isSetter="false">
              <Summary numSequencePoints="6" visitedSequencePoints="0" numBranchPoints="0" visitedBranchPoints="0" sequenceCoverage="0.0" branchCoverage="0" maxCyclomaticComplexity="0" minCyclomaticComplexity="0" maxCrapScore="0" minCrapScore="0" visitedClasses="0" numClasses="0" visitedMethods="0" numMethods="1" />
              <MetadataToken>100663427</MetadataToken>
              <Name>System.Void Heap[T]::Add(T)</Name>
              <FileRef uid="13" />
              <SequencePoints>
                <SequencePoint vc="0" uspid="4336" ordinal="0" offset="0" sl="16" sc="0" el="16" ec="0" bec="0" bev="0" fileid="13" />
                <SequencePoint vc="0" uspid="4337" ordinal="0" offset="1" sl="17" sc="0" el="17" ec="0" bec="0" bev="0" fileid="13" />
                <SequencePoint vc="0" uspid="4338" ordinal="0" offset="21" sl="18" sc="0" el="18" ec="0" bec="0" bev="0" fileid="13" />
                <SequencePoint vc="0" uspid="4339" ordinal="0" offset="39" sl="19" sc="0" el="19" ec="0" bec="0" bev="0" fileid="13" />
                <SequencePoint vc="0" uspid="4340" ordinal="0" offset="47" sl="20" sc="0" el="20" ec="0" bec="0" bev="0" fileid="13" />
                <SequencePoint vc="0" uspid="4341" ordinal="0" offset="61" sl="21" sc="0" el="21" ec="0" bec="0" bev="0" fileid="13" />
              </SequencePoints>
              <BranchPoints />
            </Method>
            <Method visited="false" cyclomaticComplexity="0" nPathComplexity="0" sequenceCoverage="0.0" branchCoverage="0" crapScore="0" isConstructor="false" isStatic="false" isGetter="false" isSetter="false">
              <Summary numSequencePoints="8" visitedSequencePoints="0" numBranchPoints="0" visitedBranchPoints="0" sequenceCoverage="0.0" branchCoverage="0" maxCyclomaticComplexity="0" minCyclomaticComplexity="0" maxCrapScore="0" minCrapScore="0" visitedClasses="0" numClasses="0" visitedMethods="0" numMethods="1" />
              <MetadataToken>100663428</MetadataToken>
              <Name>T Heap[T]::RemoveFirst()</Name>
              <FileRef uid="13" />
              <SequencePoints>
                <SequencePoint vc="0" uspid="4342" ordinal="0" offset="0" sl="24" sc="0" el="24" ec="0" bec="0" bev="0" fileid="13" />
                <SequencePoint vc="0" uspid="4343" ordinal="0" offset="1" sl="25" sc="0" el="25" ec="0" bec="0" bev="0" fileid="13" />
                <SequencePoint vc="0" uspid="4344" ordinal="0" offset="14" sl="26" sc="0" el="26" ec="0" bec="0" bev="0" fileid="13" />
                <SequencePoint vc="0" uspid="4345" ordinal="0" offset="28" sl="27" sc="0" el="27" ec="0" bec="0" bev="0" fileid="13" />
                <SequencePoint vc="0" uspid="4346" ordinal="0" offset="57" sl="28" sc="0" el="28" ec="0" bec="0" bev="0" fileid="13" />
                <SequencePoint vc="0" uspid="4347" ordinal="0" offset="84" sl="29" sc="0" el="29" ec="0" bec="0" bev="0" fileid="13" />
                <SequencePoint vc="0" uspid="4348" ordinal="0" offset="103" sl="30" sc="0" el="30" ec="0" bec="0" bev="0" fileid="13" />
                <SequencePoint vc="0" uspid="4349" ordinal="0" offset="107" sl="31" sc="0" el="31" ec="0" bec="0" bev="0" fileid="13" />
              </SequencePoints>
              <BranchPoints />
            </Method>
            <Method visited="false" cyclomaticComplexity="0" nPathComplexity="0" sequenceCoverage="0.0" branchCoverage="0" crapScore="0" isConstructor="false" isStatic="false" isGetter="false" isSetter="false">
              <Summary numSequencePoints="3" visitedSequencePoints="0" numBranchPoints="0" visitedBranchPoints="0" sequenceCoverage="0.0" branchCoverage="0" maxCyclomaticComplexity="0" minCyclomaticComplexity="0" maxCrapScore="0" minCrapScore="0" visitedClasses="0" numClasses="0" visitedMethods="0" numMethods="1" />
              <MetadataToken>100663429</MetadataToken>
              <Name>System.Void Heap[T]::UpdateItem(T)</Name>
              <FileRef uid="13" />
              <SequencePoints>
                <SequencePoint vc="0" uspid="4350" ordinal="0" offset="0" sl="34" sc="0" el="34" ec="0" bec="0" bev="0" fileid="13" />
                <SequencePoint vc="0" uspid="4351" ordinal="0" offset="1" sl="35" sc="0" el="35" ec="0" bec="0" bev="0" fileid="13" />
                <SequencePoint vc="0" uspid="4352" ordinal="0" offset="9" sl="36" sc="0" el="36" ec="0" bec="0" bev="0" fileid="13" />
              </SequencePoints>
              <BranchPoints />
            </Method>
            <Method visited="false" cyclomaticComplexity="0" nPathComplexity="0" sequenceCoverage="0.0" branchCoverage="0" crapScore="0" isConstructor="false" isStatic="false" isGetter="true" isSetter="false">
              <Summary numSequencePoints="3" visitedSequencePoints="0" numBranchPoints="0" visitedBranchPoints="0" sequenceCoverage="0.0" branchCoverage="0" maxCyclomaticComplexity="0" minCyclomaticComplexity="0" maxCrapScore="0" minCrapScore="0" visitedClasses="0" numClasses="0" visitedMethods="0" numMethods="1" />
              <MetadataToken>100663430</MetadataToken>
              <Name>System.Int32 Heap[T]::get_Count()</Name>
              <FileRef uid="13" />
              <SequencePoints>
                <SequencePoint vc="0" uspid="4353" ordinal="0" offset="0" sl="41" sc="0" el="41" ec="0" bec="0" bev="0" fileid="13" />
                <SequencePoint vc="0" uspid="4354" ordinal="0" offset="1" sl="42" sc="0" el="42" ec="0" bec="0" bev="0" fileid="13" />
                <SequencePoint vc="0" uspid="4355" ordinal="0" offset="10" sl="43" sc="0" el="43" ec="0" bec="0" bev="0" fileid="13" />
              </SequencePoints>
              <BranchPoints />
            </Method>
            <Method visited="false" cyclomaticComplexity="0" nPathComplexity="0" sequenceCoverage="0.0" branchCoverage="0" crapScore="0" isConstructor="false" isStatic="false" isGetter="false" isSetter="false">
              <Summary numSequencePoints="3" visitedSequencePoints="0" numBranchPoints="0" visitedBranchPoints="0" sequenceCoverage="0.0" branchCoverage="0" maxCyclomaticComplexity="0" minCyclomaticComplexity="0" maxCrapScore="0" minCrapScore="0" visitedClasses="0" numClasses="0" visitedMethods="0" numMethods="1" />
              <MetadataToken>100663431</MetadataToken>
              <Name>System.Boolean Heap[T]::Contains(T)</Name>
              <FileRef uid="13" />
              <SequencePoints>
                <SequencePoint vc="0" uspid="4356" ordinal="0" offset="0" sl="47" sc="0" el="47" ec="0" bec="0" bev="0" fileid="13" />
                <SequencePoint vc="0" uspid="4357" ordinal="0" offset="1" sl="48" sc="0" el="48" ec="0" bec="0" bev="0" fileid="13" />
                <SequencePoint vc="0" uspid="4358" ordinal="0" offset="44" sl="49" sc="0" el="49" ec="0" bec="0" bev="0" fileid="13" />
              </SequencePoints>
              <BranchPoints />
            </Method>
            <Method visited="false" cyclomaticComplexity="0" nPathComplexity="0" sequenceCoverage="0.0" branchCoverage="0" crapScore="0" isConstructor="false" isStatic="false" isGetter="false" isSetter="false">
              <Summary numSequencePoints="27" visitedSequencePoints="0" numBranchPoints="0" visitedBranchPoints="0" sequenceCoverage="0.0" branchCoverage="0" maxCyclomaticComplexity="0" minCyclomaticComplexity="0" maxCrapScore="0" minCrapScore="0" visitedClasses="0" numClasses="0" visitedMethods="0" numMethods="1" />
              <MetadataToken>100663432</MetadataToken>
              <Name>System.Void Heap[T]::SortDown(T)</Name>
              <FileRef uid="13" />
              <SequencePoints>
                <SequencePoint vc="0" uspid="4359" ordinal="0" offset="0" sl="52" sc="0" el="52" ec="0" bec="0" bev="0" fileid="13" />
                <SequencePoint vc="0" uspid="4360" ordinal="0" offset="6" sl="54" sc="0" el="54" ec="0" bec="0" bev="0" fileid="13" />
                <SequencePoint vc="0" uspid="4361" ordinal="0" offset="7" sl="55" sc="0" el="55" ec="0" bec="0" bev="0" fileid="13" />
                <SequencePoint vc="0" uspid="4362" ordinal="0" offset="25" sl="56" sc="0" el="56" ec="0" bec="0" bev="0" fileid="13" />
                <SequencePoint vc="0" uspid="4363" ordinal="0" offset="43" sl="57" sc="0" el="57" ec="0" bec="0" bev="0" fileid="13" />
                <SequencePoint vc="0" uspid="4364" ordinal="0" offset="45" sl="59" sc="0" el="59" ec="0" bec="0" bev="0" fileid="13" />
                <SequencePoint vc="0" uspid="4365" ordinal="0" offset="61" sl="60" sc="0" el="60" ec="0" bec="0" bev="0" fileid="13" />
                <SequencePoint vc="0" uspid="4366" ordinal="0" offset="62" sl="61" sc="0" el="61" ec="0" bec="0" bev="0" fileid="13" />
                <SequencePoint vc="0" uspid="4367" ordinal="0" offset="64" sl="63" sc="0" el="63" ec="0" bec="0" bev="0" fileid="13" />
                <SequencePoint vc="0" uspid="4368" ordinal="0" offset="79" sl="64" sc="0" el="64" ec="0" bec="0" bev="0" fileid="13" />
                <SequencePoint vc="0" uspid="4369" ordinal="0" offset="80" sl="65" sc="0" el="65" ec="0" bec="0" bev="0" fileid="13" />
                <SequencePoint vc="0" uspid="4370" ordinal="0" offset="126" sl="66" sc="0" el="66" ec="0" bec="0" bev="0" fileid="13" />
                <SequencePoint vc="0" uspid="4371" ordinal="0" offset="127" sl="67" sc="0" el="67" ec="0" bec="0" bev="0" fileid="13" />
                <SequencePoint vc="0" uspid="4372" ordinal="0" offset="129" sl="68" sc="0" el="68" ec="0" bec="0" bev="0" fileid="13" />
                <SequencePoint vc="0" uspid="4373" ordinal="0" offset="130" sl="69" sc="0" el="69" ec="0" bec="0" bev="0" fileid="13" />
                <SequencePoint vc="0" uspid="4374" ordinal="0" offset="131" sl="71" sc="0" el="71" ec="0" bec="0" bev="0" fileid="13" />
                <SequencePoint vc="0" uspid="4375" ordinal="0" offset="165" sl="72" sc="0" el="72" ec="0" bec="0" bev="0" fileid="13" />
                <SequencePoint vc="0" uspid="4376" ordinal="0" offset="166" sl="73" sc="0" el="73" ec="0" bec="0" bev="0" fileid="13" />
                <SequencePoint vc="0" uspid="4377" ordinal="0" offset="186" sl="74" sc="0" el="74" ec="0" bec="0" bev="0" fileid="13" />
                <SequencePoint vc="0" uspid="4378" ordinal="0" offset="189" sl="76" sc="0" el="76" ec="0" bec="0" bev="0" fileid="13" />
                <SequencePoint vc="0" uspid="4379" ordinal="0" offset="190" sl="77" sc="0" el="77" ec="0" bec="0" bev="0" fileid="13" />
                <SequencePoint vc="0" uspid="4380" ordinal="0" offset="192" sl="80" sc="0" el="80" ec="0" bec="0" bev="0" fileid="13" />
                <SequencePoint vc="0" uspid="4381" ordinal="0" offset="195" sl="82" sc="0" el="82" ec="0" bec="0" bev="0" fileid="13" />
                <SequencePoint vc="0" uspid="4382" ordinal="0" offset="196" sl="83" sc="0" el="83" ec="0" bec="0" bev="0" fileid="13" />
                <SequencePoint vc="0" uspid="4383" ordinal="0" offset="198" sl="86" sc="0" el="86" ec="0" bec="0" bev="0" fileid="13" />
                <SequencePoint vc="0" uspid="4384" ordinal="0" offset="199" sl="53" sc="0" el="53" ec="0" bec="0" bev="0" fileid="13" />
                <SequencePoint vc="0" uspid="4385" ordinal="0" offset="207" sl="87" sc="0" el="87" ec="0" bec="0" bev="0" fileid="13" />
              </SequencePoints>
              <BranchPoints />
            </Method>
            <Method visited="false" cyclomaticComplexity="0" nPathComplexity="0" sequenceCoverage="0.0" branchCoverage="0" crapScore="0" isConstructor="false" isStatic="false" isGetter="false" isSetter="false">
              <Summary numSequencePoints="14" visitedSequencePoints="0" numBranchPoints="0" visitedBranchPoints="0" sequenceCoverage="0.0" branchCoverage="0" maxCyclomaticComplexity="0" minCyclomaticComplexity="0" maxCrapScore="0" minCrapScore="0" visitedClasses="0" numClasses="0" visitedMethods="0" numMethods="1" />
              <MetadataToken>100663433</MetadataToken>
              <Name>System.Void Heap[T]::SortUp(T)</Name>
              <FileRef uid="13" />
              <SequencePoints>
                <SequencePoint vc="0" uspid="4386" ordinal="0" offset="0" sl="90" sc="0" el="90" ec="0" bec="0" bev="0" fileid="13" />
                <SequencePoint vc="0" uspid="4387" ordinal="0" offset="1" sl="91" sc="0" el="91" ec="0" bec="0" bev="0" fileid="13" />
                <SequencePoint vc="0" uspid="4388" ordinal="0" offset="21" sl="94" sc="0" el="94" ec="0" bec="0" bev="0" fileid="13" />
                <SequencePoint vc="0" uspid="4389" ordinal="0" offset="22" sl="95" sc="0" el="95" ec="0" bec="0" bev="0" fileid="13" />
                <SequencePoint vc="0" uspid="4390" ordinal="0" offset="35" sl="96" sc="0" el="96" ec="0" bec="0" bev="0" fileid="13" />
                <SequencePoint vc="0" uspid="4391" ordinal="0" offset="56" sl="97" sc="0" el="97" ec="0" bec="0" bev="0" fileid="13" />
                <SequencePoint vc="0" uspid="4392" ordinal="0" offset="57" sl="98" sc="0" el="98" ec="0" bec="0" bev="0" fileid="13" />
                <SequencePoint vc="0" uspid="4393" ordinal="0" offset="66" sl="99" sc="0" el="99" ec="0" bec="0" bev="0" fileid="13" />
                <SequencePoint vc="0" uspid="4394" ordinal="0" offset="69" sl="101" sc="0" el="101" ec="0" bec="0" bev="0" fileid="13" />
                <SequencePoint vc="0" uspid="4395" ordinal="0" offset="70" sl="102" sc="0" el="102" ec="0" bec="0" bev="0" fileid="13" />
                <SequencePoint vc="0" uspid="4396" ordinal="0" offset="72" sl="105" sc="0" el="105" ec="0" bec="0" bev="0" fileid="13" />
                <SequencePoint vc="0" uspid="4397" ordinal="0" offset="90" sl="106" sc="0" el="106" ec="0" bec="0" bev="0" fileid="13" />
                <SequencePoint vc="0" uspid="4398" ordinal="0" offset="91" sl="93" sc="0" el="93" ec="0" bec="0" bev="0" fileid="13" />
                <SequencePoint vc="0" uspid="4399" ordinal="0" offset="95" sl="107" sc="0" el="107" ec="0" bec="0" bev="0" fileid="13" />
              </SequencePoints>
              <BranchPoints />
            </Method>
            <Method visited="false" cyclomaticComplexity="0" nPathComplexity="0" sequenceCoverage="0.0" branchCoverage="0" crapScore="0" isConstructor="false" isStatic="false" isGetter="false" isSetter="false">
              <Summary numSequencePoints="7" visitedSequencePoints="0" numBranchPoints="0" visitedBranchPoints="0" sequenceCoverage="0.0" branchCoverage="0" maxCyclomaticComplexity="0" minCyclomaticComplexity="0" maxCrapScore="0" minCrapScore="0" visitedClasses="0" numClasses="0" visitedMethods="0" numMethods="1" />
              <MetadataToken>100663434</MetadataToken>
              <Name>System.Void Heap[T]::Swap(T, T)</Name>
              <FileRef uid="13" />
              <SequencePoints>
                <SequencePoint vc="0" uspid="4400" ordinal="0" offset="0" sl="110" sc="0" el="110" ec="0" bec="0" bev="0" fileid="13" />
                <SequencePoint vc="0" uspid="4401" ordinal="0" offset="1" sl="111" sc="0" el="111" ec="0" bec="0" bev="0" fileid="13" />
                <SequencePoint vc="0" uspid="4402" ordinal="0" offset="26" sl="112" sc="0" el="112" ec="0" bec="0" bev="0" fileid="13" />
                <SequencePoint vc="0" uspid="4403" ordinal="0" offset="51" sl="113" sc="0" el="113" ec="0" bec="0" bev="0" fileid="13" />
                <SequencePoint vc="0" uspid="4404" ordinal="0" offset="65" sl="114" sc="0" el="114" ec="0" bec="0" bev="0" fileid="13" />
                <SequencePoint vc="0" uspid="4405" ordinal="0" offset="92" sl="115" sc="0" el="115" ec="0" bec="0" bev="0" fileid="13" />
                <SequencePoint vc="0" uspid="4406" ordinal="0" offset="107" sl="116" sc="0" el="116" ec="0" bec="0" bev="0" fileid="13" />
              </SequencePoints>
              <BranchPoints />
            </Method>
            <Method visited="true" cyclomaticComplexity="0" nPathComplexity="0" sequenceCoverage="100.0" branchCoverage="0" crapScore="0" isConstructor="true" isStatic="false" isGetter="false" isSetter="false">
              <Summary numSequencePoints="4" visitedSequencePoints="4" numBranchPoints="0" visitedBranchPoints="0" sequenceCoverage="100.0" branchCoverage="0" maxCyclomaticComplexity="0" minCyclomaticComplexity="0" maxCrapScore="0" minCrapScore="0" visitedClasses="0" numClasses="0" visitedMethods="1" numMethods="1" />
              <MetadataToken>100663426</MetadataToken>
              <Name>Heap[T]::Heap(System.Int32)</Name>
              <FileRef uid="13" />
              <SequencePoints>
                <SequencePoint vc="1" uspid="4407" ordinal="0" offset="0" sl="10" sc="0" el="10" ec="0" bec="0" bev="0" fileid="13" />
                <SequencePoint vc="1" uspid="4408" ordinal="0" offset="7" sl="11" sc="0" el="11" ec="0" bec="0" bev="0" fileid="13" />
                <SequencePoint vc="1" uspid="4409" ordinal="0" offset="8" sl="12" sc="0" el="12" ec="0" bec="0" bev="0" fileid="13" />
                <SequencePoint vc="1" uspid="4410" ordinal="0" offset="20" sl="13" sc="0" el="13" ec="0" bec="0" bev="0" fileid="13" />
              </SequencePoints>
              <BranchPoints />
            </Method>
          </Methods>
        </Class>
        <Class>
          <Summary numSequencePoints="341" visitedSequencePoints="302" numBranchPoints="0" visitedBranchPoints="0" sequenceCoverage="88.56" branchCoverage="0.0" maxCyclomaticComplexity="0" minCyclomaticComplexity="0" maxCrapScore="0" minCrapScore="0" visitedClasses="1" numClasses="1" visitedMethods="21" numMethods="21" />
          <FullName>Map</FullName>
          <Methods>
            <Method visited="true" cyclomaticComplexity="0" nPathComplexity="0" sequenceCoverage="100.0" branchCoverage="0" crapScore="0" isConstructor="false" isStatic="false" isGetter="false" isSetter="false">
              <Summary numSequencePoints="1" visitedSequencePoints="1" numBranchPoints="0" visitedBranchPoints="0" sequenceCoverage="100.0" branchCoverage="0" maxCyclomaticComplexity="0" minCyclomaticComplexity="0" maxCrapScore="0" minCrapScore="0" visitedClasses="0" numClasses="0" visitedMethods="1" numMethods="1" />
              <MetadataToken>100663464</MetadataToken>
              <Name>UnityEngine.Vector3 Map::CellToWorld(UnityEngine.Vector3Int)</Name>
              <FileRef uid="20" />
              <SequencePoints>
                <SequencePoint vc="5000" uspid="4504" ordinal="0" offset="0" sl="12" sc="51" el="12" ec="51" bec="0" bev="0" fileid="20" />
              </SequencePoints>
              <BranchPoints />
            </Method>
            <Method visited="true" cyclomaticComplexity="0" nPathComplexity="0" sequenceCoverage="100.0" branchCoverage="0" crapScore="0" isConstructor="false" isStatic="false" isGetter="false" isSetter="false">
              <Summary numSequencePoints="1" visitedSequencePoints="1" numBranchPoints="0" visitedBranchPoints="0" sequenceCoverage="100.0" branchCoverage="0" maxCyclomaticComplexity="0" minCyclomaticComplexity="0" maxCrapScore="0" minCrapScore="0" visitedClasses="0" numClasses="0" visitedMethods="1" numMethods="1" />
              <MetadataToken>100663465</MetadataToken>
              <Name>UnityEngine.Vector3 Map::GetCellCenterWorld(UnityEngine.Vector3Int)</Name>
              <FileRef uid="20" />
              <SequencePoints>
                <SequencePoint vc="864" uspid="4505" ordinal="0" offset="0" sl="13" sc="58" el="13" ec="58" bec="0" bev="0" fileid="20" />
              </SequencePoints>
              <BranchPoints />
            </Method>
            <Method visited="true" cyclomaticComplexity="0" nPathComplexity="0" sequenceCoverage="100.0" branchCoverage="0" crapScore="0" isConstructor="false" isStatic="false" isGetter="true" isSetter="false">
              <Summary numSequencePoints="3" visitedSequencePoints="3" numBranchPoints="0" visitedBranchPoints="0" sequenceCoverage="100.0" branchCoverage="0" maxCyclomaticComplexity="0" minCyclomaticComplexity="0" maxCrapScore="0" minCrapScore="0" visitedClasses="0" numClasses="0" visitedMethods="1" numMethods="1" />
              <MetadataToken>100663466</MetadataToken>
              <Name>UnityEngine.Vector2Int Map::get_Size()</Name>
              <FileRef uid="20" />
              <SequencePoints>
                <SequencePoint vc="43726" uspid="4506" ordinal="0" offset="0" sl="15" sc="34" el="15" ec="34" bec="0" bev="0" fileid="20" />
                <SequencePoint vc="43726" uspid="4507" ordinal="0" offset="1" sl="15" sc="36" el="15" ec="36" bec="0" bev="0" fileid="20" />
                <SequencePoint vc="43726" uspid="4508" ordinal="0" offset="10" sl="15" sc="49" el="15" ec="49" bec="0" bev="0" fileid="20" />
              </SequencePoints>
              <BranchPoints />
            </Method>
            <Method visited="true" cyclomaticComplexity="0" nPathComplexity="0" sequenceCoverage="100.0" branchCoverage="0" crapScore="0" isConstructor="false" isStatic="false" isGetter="false" isSetter="true">
              <Summary numSequencePoints="4" visitedSequencePoints="4" numBranchPoints="0" visitedBranchPoints="0" sequenceCoverage="100.0" branchCoverage="0" maxCyclomaticComplexity="0" minCyclomaticComplexity="0" maxCrapScore="0" minCrapScore="0" visitedClasses="0" numClasses="0" visitedMethods="1" numMethods="1" />
              <MetadataToken>100663467</MetadataToken>
              <Name>System.Void Map::set_Size(UnityEngine.Vector2Int)</Name>
              <FileRef uid="20" />
              <SequencePoints>
                <SequencePoint vc="1" uspid="4509" ordinal="0" offset="0" sl="15" sc="55" el="15" ec="55" bec="0" bev="0" fileid="20" />
                <SequencePoint vc="1" uspid="4510" ordinal="0" offset="1" sl="15" sc="57" el="15" ec="57" bec="0" bev="0" fileid="20" />
                <SequencePoint vc="1" uspid="4511" ordinal="0" offset="17" sl="15" sc="76" el="15" ec="76" bec="0" bev="0" fileid="20" />
                <SequencePoint vc="1" uspid="4512" ordinal="0" offset="24" sl="15" sc="90" el="15" ec="90" bec="0" bev="0" fileid="20" />
              </SequencePoints>
              <BranchPoints />
            </Method>
            <Method visited="true" cyclomaticComplexity="0" nPathComplexity="0" sequenceCoverage="100.0" branchCoverage="0" crapScore="0" isConstructor="false" isStatic="true" isGetter="false" isSetter="true">
              <Summary numSequencePoints="1" visitedSequencePoints="1" numBranchPoints="0" visitedBranchPoints="0" sequenceCoverage="100.0" branchCoverage="0" maxCyclomaticComplexity="0" minCyclomaticComplexity="0" maxCrapScore="0" minCrapScore="0" visitedClasses="0" numClasses="0" visitedMethods="1" numMethods="1" />
              <MetadataToken>100663469</MetadataToken>
              <Name>static System.Void Map::set_LocalBounds(UnityEngine.Bounds)</Name>
              <FileRef uid="20" />
              <SequencePoints>
                <SequencePoint vc="2" uspid="4514" ordinal="0" offset="0" sl="16" sc="45" el="16" ec="45" bec="0" bev="0" fileid="20" />
              </SequencePoints>
              <BranchPoints />
            </Method>
            <Method visited="true" cyclomaticComplexity="0" nPathComplexity="0" sequenceCoverage="100.0" branchCoverage="0" crapScore="0" isConstructor="false" isStatic="false" isGetter="true" isSetter="false">
              <Summary numSequencePoints="1" visitedSequencePoints="1" numBranchPoints="0" visitedBranchPoints="0" sequenceCoverage="100.0" branchCoverage="0" maxCyclomaticComplexity="0" minCyclomaticComplexity="0" maxCrapScore="0" minCrapScore="0" visitedClasses="0" numClasses="0" visitedMethods="1" numMethods="1" />
              <MetadataToken>100663471</MetadataToken>
              <Name>Terrain[,] Map::get_gameMap()</Name>
              <FileRef uid="20" />
              <SequencePoints>
                <SequencePoint vc="37850" uspid="4518" ordinal="0" offset="0" sl="102" sc="33" el="102" ec="33" bec="0" bev="0" fileid="20" />
              </SequencePoints>
              <BranchPoints />
            </Method>
            <Method visited="true" cyclomaticComplexity="0" nPathComplexity="0" sequenceCoverage="100.0" branchCoverage="0" crapScore="0" isConstructor="false" isStatic="false" isGetter="false" isSetter="true">
              <Summary numSequencePoints="1" visitedSequencePoints="1" numBranchPoints="0" visitedBranchPoints="0" sequenceCoverage="100.0" branchCoverage="0" maxCyclomaticComplexity="0" minCyclomaticComplexity="0" maxCrapScore="0" minCrapScore="0" visitedClasses="0" numClasses="0" visitedMethods="1" numMethods="1" />
              <MetadataToken>100663472</MetadataToken>
              <Name>System.Void Map::set_gameMap(Terrain[,])</Name>
              <FileRef uid="20" />
              <SequencePoints>
                <SequencePoint vc="2" uspid="4519" ordinal="0" offset="0" sl="102" sc="38" el="102" ec="38" bec="0" bev="0" fileid="20" />
              </SequencePoints>
              <BranchPoints />
            </Method>
            <Method visited="true" cyclomaticComplexity="0" nPathComplexity="0" sequenceCoverage="100.0" branchCoverage="0" crapScore="0" isConstructor="false" isStatic="false" isGetter="false" isSetter="false">
              <Summary numSequencePoints="7" visitedSequencePoints="7" numBranchPoints="0" visitedBranchPoints="0" sequenceCoverage="100.0" branchCoverage="0" maxCyclomaticComplexity="0" minCyclomaticComplexity="0" maxCrapScore="0" minCrapScore="0" visitedClasses="0" numClasses="0" visitedMethods="1" numMethods="1" />
              <MetadataToken>100663473</MetadataToken>
              <Name>System.Void Map::Awake()</Name>
              <FileRef uid="20" />
              <SequencePoints>
                <SequencePoint vc="1" uspid="4520" ordinal="0" offset="0" sl="123" sc="5" el="123" ec="5" bec="0" bev="0" fileid="20" />
                <SequencePoint vc="1" uspid="4521" ordinal="0" offset="1" sl="124" sc="9" el="124" ec="9" bec="0" bev="0" fileid="20" />
                <SequencePoint vc="1" uspid="4522" ordinal="0" offset="22" sl="125" sc="9" el="125" ec="9" bec="0" bev="0" fileid="20" />
                <SequencePoint vc="1" uspid="4523" ordinal="0" offset="43" sl="126" sc="9" el="126" ec="9" bec="0" bev="0" fileid="20" />
                <SequencePoint vc="1" uspid="4524" ordinal="0" offset="64" sl="127" sc="9" el="127" ec="9" bec="0" bev="0" fileid="20" />
                <SequencePoint vc="1" uspid="4525" ordinal="0" offset="85" sl="129" sc="9" el="129" ec="9" bec="0" bev="0" fileid="20" />
                <SequencePoint vc="1" uspid="4526" ordinal="0" offset="96" sl="130" sc="5" el="130" ec="5" bec="0" bev="0" fileid="20" />
              </SequencePoints>
              <BranchPoints />
            </Method>
            <Method visited="true" cyclomaticComplexity="0" nPathComplexity="0" sequenceCoverage="100.0" branchCoverage="0" crapScore="0" isConstructor="false" isStatic="false" isGetter="false" isSetter="false">
              <Summary numSequencePoints="6" visitedSequencePoints="6" numBranchPoints="0" visitedBranchPoints="0" sequenceCoverage="100.0" branchCoverage="0" maxCyclomaticComplexity="0" minCyclomaticComplexity="0" maxCrapScore="0" minCrapScore="0" visitedClasses="0" numClasses="0" visitedMethods="1" numMethods="1" />
              <MetadataToken>100663474</MetadataToken>
              <Name>System.Void Map::Start()</Name>
              <FileRef uid="20" />
              <SequencePoints>
                <SequencePoint vc="1" uspid="4527" ordinal="0" offset="0" sl="133" sc="5" el="133" ec="5" bec="0" bev="0" fileid="20" />
                <SequencePoint vc="1" uspid="4528" ordinal="0" offset="1" sl="134" sc="9" el="134" ec="9" bec="0" bev="0" fileid="20" />
                <SequencePoint vc="1" uspid="4529" ordinal="0" offset="10" sl="135" sc="9" el="135" ec="9" bec="0" bev="0" fileid="20" />
                <SequencePoint vc="1" uspid="4530" ordinal="0" offset="11" sl="136" sc="13" el="136" ec="13" bec="0" bev="0" fileid="20" />
                <SequencePoint vc="1" uspid="4531" ordinal="0" offset="18" sl="137" sc="9" el="137" ec="9" bec="0" bev="0" fileid="20" />
                <SequencePoint vc="1" uspid="4532" ordinal="0" offset="19" sl="138" sc="5" el="138" ec="5" bec="0" bev="0" fileid="20" />
              </SequencePoints>
              <BranchPoints />
            </Method>
            <Method visited="true" cyclomaticComplexity="0" nPathComplexity="0" sequenceCoverage="100.0" branchCoverage="0" crapScore="0" isConstructor="false" isStatic="false" isGetter="false" isSetter="false">
              <Summary numSequencePoints="11" visitedSequencePoints="11" numBranchPoints="0" visitedBranchPoints="0" sequenceCoverage="100.0" branchCoverage="0" maxCyclomaticComplexity="0" minCyclomaticComplexity="0" maxCrapScore="0" minCrapScore="0" visitedClasses="0" numClasses="0" visitedMethods="1" numMethods="1" />
              <MetadataToken>100663475</MetadataToken>
              <Name>System.Void Map::Init()</Name>
              <FileRef uid="20" />
              <SequencePoints>
                <SequencePoint vc="2" uspid="4533" ordinal="0" offset="0" sl="141" sc="5" el="141" ec="5" bec="0" bev="0" fileid="20" />
                <SequencePoint vc="2" uspid="4534" ordinal="0" offset="1" sl="142" sc="9" el="142" ec="9" bec="0" bev="0" fileid="20" />
                <SequencePoint vc="2" uspid="4535" ordinal="0" offset="13" sl="144" sc="9" el="144" ec="9" bec="0" bev="0" fileid="20" />
                <SequencePoint vc="2" uspid="4536" ordinal="0" offset="26" sl="145" sc="9" el="145" ec="9" bec="0" bev="0" fileid="20" />
                <SequencePoint vc="2" uspid="4537" ordinal="0" offset="39" sl="146" sc="9" el="146" ec="9" bec="0" bev="0" fileid="20" />
                <SequencePoint vc="2" uspid="4538" ordinal="0" offset="52" sl="147" sc="9" el="147" ec="9" bec="0" bev="0" fileid="20" />
                <SequencePoint vc="2" uspid="4539" ordinal="0" offset="65" sl="149" sc="9" el="149" ec="9" bec="0" bev="0" fileid="20" />
                <SequencePoint vc="2" uspid="4540" ordinal="0" offset="84" sl="151" sc="9" el="151" ec="9" bec="0" bev="0" fileid="20" />
                <SequencePoint vc="2" uspid="4541" ordinal="0" offset="97" sl="153" sc="9" el="153" ec="9" bec="0" bev="0" fileid="20" />
                <SequencePoint vc="2" uspid="4542" ordinal="0" offset="131" sl="154" sc="9" el="154" ec="9" bec="0" bev="0" fileid="20" />
                <SequencePoint vc="2" uspid="4543" ordinal="0" offset="165" sl="155" sc="5" el="155" ec="5" bec="0" bev="0" fileid="20" />
              </SequencePoints>
              <BranchPoints />
            </Method>
            <Method visited="true" cyclomaticComplexity="0" nPathComplexity="0" sequenceCoverage="100.0" branchCoverage="0" crapScore="0" isConstructor="false" isStatic="false" isGetter="false" isSetter="false">
              <Summary numSequencePoints="1" visitedSequencePoints="1" numBranchPoints="0" visitedBranchPoints="0" sequenceCoverage="100.0" branchCoverage="0" maxCyclomaticComplexity="0" minCyclomaticComplexity="0" maxCrapScore="0" minCrapScore="0" visitedClasses="0" numClasses="0" visitedMethods="1" numMethods="1" />
              <MetadataToken>100663476</MetadataToken>
              <Name>UnityEngine.Color Map::GetMapColor(System.Int32, System.Int32)</Name>
              <FileRef uid="20" />
              <SequencePoints>
                <SequencePoint vc="10000" uspid="4544" ordinal="0" offset="0" sl="157" sc="48" el="157" ec="48" bec="0" bev="0" fileid="20" />
              </SequencePoints>
              <BranchPoints />
            </Method>
            <Method visited="true" cyclomaticComplexity="0" nPathComplexity="0" sequenceCoverage="100.0" branchCoverage="0" crapScore="0" isConstructor="false" isStatic="false" isGetter="false" isSetter="false">
              <Summary numSequencePoints="3" visitedSequencePoints="3" numBranchPoints="0" visitedBranchPoints="0" sequenceCoverage="100.0" branchCoverage="0" maxCyclomaticComplexity="0" minCyclomaticComplexity="0" maxCrapScore="0" minCrapScore="0" visitedClasses="0" numClasses="0" visitedMethods="1" numMethods="1" />
              <MetadataToken>100663477</MetadataToken>
              <Name>System.Void Map::SetMapColor(UnityEngine.Color, System.Int32, System.Int32)</Name>
              <FileRef uid="20" />
              <SequencePoints>
                <SequencePoint vc="5000" uspid="4545" ordinal="0" offset="0" sl="158" sc="60" el="158" ec="60" bec="0" bev="0" fileid="20" />
                <SequencePoint vc="5000" uspid="4546" ordinal="0" offset="1" sl="158" sc="62" el="158" ec="62" bec="0" bev="0" fileid="20" />
                <SequencePoint vc="5000" uspid="4547" ordinal="0" offset="28" sl="158" sc="94" el="158" ec="94" bec="0" bev="0" fileid="20" />
              </SequencePoints>
              <BranchPoints />
            </Method>
            <Method visited="true" cyclomaticComplexity="0" nPathComplexity="0" sequenceCoverage="12.50" branchCoverage="0" crapScore="0" isConstructor="false" isStatic="false" isGetter="false" isSetter="false">
              <Summary numSequencePoints="32" visitedSequencePoints="4" numBranchPoints="0" visitedBranchPoints="0" sequenceCoverage="12.50" branchCoverage="0" maxCyclomaticComplexity="0" minCyclomaticComplexity="0" maxCrapScore="0" minCrapScore="0" visitedClasses="0" numClasses="0" visitedMethods="1" numMethods="1" />
              <MetadataToken>100663478</MetadataToken>
              <Name>System.Void Map::GenerateEntranceExitPair()</Name>
              <FileRef uid="20" />
              <SequencePoints>
                <SequencePoint vc="2" uspid="4548" ordinal="0" offset="0" sl="161" sc="5" el="161" ec="5" bec="0" bev="0" fileid="20" />
                <SequencePoint vc="2" uspid="4549" ordinal="0" offset="1" sl="162" sc="9" el="162" ec="9" bec="0" bev="0" fileid="20" />
                <SequencePoint vc="2" uspid="4550" ordinal="0" offset="34" sl="162" sc="47" el="162" ec="47" bec="0" bev="0" fileid="20" />
                <SequencePoint vc="0" uspid="4551" ordinal="0" offset="39" sl="164" sc="9" el="164" ec="9" bec="0" bev="0" fileid="20" />
                <SequencePoint vc="0" uspid="4552" ordinal="0" offset="48" sl="165" sc="9" el="165" ec="9" bec="0" bev="0" fileid="20" />
                <SequencePoint vc="0" uspid="4553" ordinal="0" offset="55" sl="168" sc="9" el="168" ec="9" bec="0" bev="0" fileid="20" />
                <SequencePoint vc="0" uspid="4554" ordinal="0" offset="56" sl="169" sc="13" el="169" ec="13" bec="0" bev="0" fileid="20" />
                <SequencePoint vc="0" uspid="4555" ordinal="0" offset="116" sl="171" sc="13" el="171" ec="13" bec="0" bev="0" fileid="20" />
                <SequencePoint vc="0" uspid="4556" ordinal="0" offset="146" sl="172" sc="13" el="172" ec="13" bec="0" bev="0" fileid="20" />
                <SequencePoint vc="0" uspid="4557" ordinal="0" offset="178" sl="174" sc="13" el="174" ec="13" bec="0" bev="0" fileid="20" />
                <SequencePoint vc="0" uspid="4558" ordinal="0" offset="208" sl="175" sc="13" el="175" ec="13" bec="0" bev="0" fileid="20" />
                <SequencePoint vc="0" uspid="4559" ordinal="0" offset="209" sl="176" sc="17" el="176" ec="17" bec="0" bev="0" fileid="20" />
                <SequencePoint vc="0" uspid="4560" ordinal="0" offset="217" sl="178" sc="17" el="178" ec="17" bec="0" bev="0" fileid="20" />
                <SequencePoint vc="0" uspid="4561" ordinal="0" offset="260" sl="179" sc="17" el="179" ec="17" bec="0" bev="0" fileid="20" />
                <SequencePoint vc="0" uspid="4562" ordinal="0" offset="303" sl="181" sc="17" el="181" ec="17" bec="0" bev="0" fileid="20" />
                <SequencePoint vc="0" uspid="4563" ordinal="0" offset="311" sl="182" sc="17" el="182" ec="17" bec="0" bev="0" fileid="20" />
                <SequencePoint vc="0" uspid="4564" ordinal="0" offset="312" sl="183" sc="21" el="183" ec="21" bec="0" bev="0" fileid="20" />
[...]
              <MetadataToken>100663800</MetadataToken>
              <Name>UnityEngine.Color Map/&lt;&gt;c__DisplayClass76_0::&lt;GenerateMap&gt;b__0(UnityEngine.Color, UnityEngine.Color)</Name>
              <FileRef uid="20" />
              <SequencePoints>
                <SequencePoint vc="12500" uspid="6900" ordinal="0" offset="0" sl="500" sc="13" el="500" ec="13" bec="0" bev="0" fileid="20" />
                <SequencePoint vc="12500" uspid="6901" ordinal="0" offset="1" sl="501" sc="17" el="501" ec="17" bec="0" bev="0" fileid="20" />
                <SequencePoint vc="557" uspid="6902" ordinal="0" offset="21" sl="502" sc="17" el="502" ec="17" bec="0" bev="0" fileid="20" />
                <SequencePoint vc="557" uspid="6903" ordinal="0" offset="22" sl="503" sc="21" el="503" ec="21" bec="0" bev="0" fileid="20" />
                <SequencePoint vc="557" uspid="6904" ordinal="0" offset="49" sl="504" sc="21" el="504" ec="21" bec="0" bev="0" fileid="20" />
                <SequencePoint vc="557" uspid="6905" ordinal="0" offset="76" sl="505" sc="21" el="505" ec="21" bec="0" bev="0" fileid="20" />
                <SequencePoint vc="528" uspid="6906" ordinal="0" offset="98" sl="505" sc="40" el="505" ec="40" bec="0" bev="0" fileid="20" />
                <SequencePoint vc="557" uspid="6907" ordinal="0" offset="117" sl="506" sc="21" el="506" ec="21" bec="0" bev="0" fileid="20" />
                <SequencePoint vc="557" uspid="6908" ordinal="0" offset="135" sl="507" sc="21" el="507" ec="21" bec="0" bev="0" fileid="20" />
                <SequencePoint vc="11943" uspid="6909" ordinal="0" offset="162" sl="510" sc="17" el="510" ec="17" bec="0" bev="0" fileid="20" />
                <SequencePoint vc="11943" uspid="6910" ordinal="0" offset="163" sl="511" sc="21" el="511" ec="21" bec="0" bev="0" fileid="20" />
                <SequencePoint vc="11943" uspid="6911" ordinal="0" offset="181" sl="512" sc="21" el="512" ec="21" bec="0" bev="0" fileid="20" />
                <SequencePoint vc="12500" uspid="6912" ordinal="0" offset="186" sl="514" sc="13" el="514" ec="13" bec="0" bev="0" fileid="20" />
              </SequencePoints>
              <BranchPoints />
            </Method>
          </Methods>
        </Class>
      </Classes>
    </Module>
    <Module>
      <Summary numSequencePoints="75" visitedSequencePoints="75" numBranchPoints="0" visitedBranchPoints="0" sequenceCoverage="100.0" branchCoverage="0.0" maxCyclomaticComplexity="0" minCyclomaticComplexity="0" maxCrapScore="0" minCrapScore="0" visitedClasses="5" numClasses="5" visitedMethods="5" numMethods="5" />
      <ModuleTime>0001-01-01T00:00:00</ModuleTime>
      <ModuleName>Tests</ModuleName>
      <Files>
        <File uid="64" fullPath="/var/home/zateros/Dev/Unity/SzenvedIK/Assets/Tests/PlayMode/PlayModeExampleTests.cs" />
        <File uid="65" fullPath="/var/home/zateros/Dev/Unity/SzenvedIK/Assets/Tests/PlayMode/MapGenerationTests.cs" />
      </Files>
      <Classes>
        <Class>
          <Summary numSequencePoints="3" visitedSequencePoints="3" numBranchPoints="0" visitedBranchPoints="0" sequenceCoverage="100.0" branchCoverage="0.0" maxCyclomaticComplexity="0" minCyclomaticComplexity="0" maxCrapScore="0" minCrapScore="0" visitedClasses="1" numClasses="1" visitedMethods="1" numMethods="1" />
          <FullName>PlayModeTests</FullName>
          <Methods>
            <Method visited="true" cyclomaticComplexity="0" nPathComplexity="0" sequenceCoverage="100.0" branchCoverage="0" crapScore="0" isConstructor="false" isStatic="false" isGetter="false" isSetter="false">
              <Summary numSequencePoints="3" visitedSequencePoints="3" numBranchPoints="0" visitedBranchPoints="0" sequenceCoverage="100.0" branchCoverage="0" maxCyclomaticComplexity="0" minCyclomaticComplexity="0" maxCrapScore="0" minCrapScore="0" visitedClasses="0" numClasses="0" visitedMethods="1" numMethods="1" />
              <MetadataToken>100663301</MetadataToken>
              <Name>System.Void PlayModeTests::PlayModeTestsSimplePasses()</Name>
              <FileRef uid="64" />
              <SequencePoints>
                <SequencePoint vc="1" uspid="7044" ordinal="0" offset="0" sl="9" sc="45" el="9" ec="45" bec="0" bev="0" fileid="64" />
                <SequencePoint vc="1" uspid="7045" ordinal="0" offset="1" sl="11" sc="9" el="11" ec="9" bec="0" bev="0" fileid="64" />
                <SequencePoint vc="1" uspid="7046" ordinal="0" offset="8" sl="12" sc="5" el="12" ec="5" bec="0" bev="0" fileid="64" />
              </SequencePoints>
              <BranchPoints />
            </Method>
          </Methods>
        </Class>
        <Class>
          <Summary numSequencePoints="28" visitedSequencePoints="28" numBranchPoints="0" visitedBranchPoints="0" sequenceCoverage="100.0" branchCoverage="0.0" maxCyclomaticComplexity="0" minCyclomaticComplexity="0" maxCrapScore="0" minCrapScore="0" visitedClasses="1" numClasses="1" visitedMethods="1" numMethods="1" />
          <FullName>MapGenerationTests/&lt;Map_Generation_Contains_Required_Terrain_Types&gt;d__4</FullName>
          <Methods>
            <Method visited="true" cyclomaticComplexity="0" nPathComplexity="0" sequenceCoverage="100.0" branchCoverage="0" crapScore="0" isConstructor="false" isStatic="false" isGetter="false" isSetter="false">
              <Summary numSequencePoints="28" visitedSequencePoints="28" numBranchPoints="0" visitedBranchPoints="0" sequenceCoverage="100.0" branchCoverage="0" maxCyclomaticComplexity="0" minCyclomaticComplexity="0" maxCrapScore="0" minCrapScore="0" visitedClasses="0" numClasses="0" visitedMethods="1" numMethods="1" />
              <MetadataToken>100663308</MetadataToken>
              <Name>System.Boolean MapGenerationTests/&lt;Map_Generation_Contains_Required_Terrain_Types&gt;d__4::MoveNext()</Name>
              <FileRef uid="65" />
              <SequencePoints>
                <SequencePoint vc="1" uspid="7047" ordinal="0" offset="42" sl="78" sc="5" el="78" ec="5" bec="0" bev="0" fileid="65" />
                <SequencePoint vc="1" uspid="7048" ordinal="0" offset="43" sl="79" sc="9" el="79" ec="9" bec="0" bev="0" fileid="65" />
                <SequencePoint vc="1" uspid="7049" ordinal="0" offset="75" sl="81" sc="9" el="81" ec="9" bec="0" bev="0" fileid="65" />
                <SequencePoint vc="1" uspid="7050" ordinal="0" offset="92" sl="83" sc="9" el="83" ec="9" bec="0" bev="0" fileid="65" />
                <SequencePoint vc="1" uspid="7051" ordinal="0" offset="124" sl="85" sc="9" el="85" ec="9" bec="0" bev="0" fileid="65" />
                <SequencePoint vc="1" uspid="7052" ordinal="0" offset="131" sl="86" sc="9" el="86" ec="9" bec="0" bev="0" fileid="65" />
                <SequencePoint vc="1" uspid="7053" ordinal="0" offset="138" sl="87" sc="9" el="87" ec="9" bec="0" bev="0" fileid="65" />
                <SequencePoint vc="1" uspid="7054" ordinal="0" offset="145" sl="89" sc="14" el="89" ec="14" bec="0" bev="0" fileid="65" />
                <SequencePoint vc="50" uspid="7055" ordinal="0" offset="157" sl="90" sc="9" el="90" ec="9" bec="0" bev="0" fileid="65" />
                <SequencePoint vc="50" uspid="7056" ordinal="0" offset="158" sl="91" sc="18" el="91" ec="18" bec="0" bev="0" fileid="65" />
                <SequencePoint vc="2500" uspid="7057" ordinal="0" offset="170" sl="92" sc="13" el="92" ec="13" bec="0" bev="0" fileid="65" />
                <SequencePoint vc="2500" uspid="7058" ordinal="0" offset="171" sl="93" sc="17" el="93" ec="17" bec="0" bev="0" fileid="65" />
                <SequencePoint vc="240" uspid="7059" ordinal="0" offset="265" sl="97" sc="25" el="97" ec="25" bec="0" bev="0" fileid="65" />
                <SequencePoint vc="240" uspid="7060" ordinal="0" offset="272" sl="98" sc="25" el="98" ec="25" bec="0" bev="0" fileid="65" />
                <SequencePoint vc="470" uspid="7061" ordinal="0" offset="274" sl="102" sc="25" el="102" ec="25" bec="0" bev="0" fileid="65" />
                <SequencePoint vc="470" uspid="7062" ordinal="0" offset="281" sl="103" sc="25" el="103" ec="25" bec="0" bev="0" fileid="65" />
                <SequencePoint vc="465" uspid="7063" ordinal="0" offset="283" sl="105" sc="25" el="105" ec="25" bec="0" bev="0" fileid="65" />
                <SequencePoint vc="465" uspid="7064" ordinal="0" offset="290" sl="106" sc="25" el="106" ec="25" bec="0" bev="0" fileid="65" />
                <SequencePoint vc="2500" uspid="7065" ordinal="0" offset="292" sl="108" sc="13" el="108" ec="13" bec="0" bev="0" fileid="65" />
                <SequencePoint vc="2500" uspid="7066" ordinal="0" offset="293" sl="91" sc="45" el="91" ec="45" bec="0" bev="0" fileid="65" />
                <SequencePoint vc="2550" uspid="7067" ordinal="0" offset="309" sl="91" sc="29" el="91" ec="29" bec="0" bev="0" fileid="65" />
                <SequencePoint vc="50" uspid="7068" ordinal="0" offset="351" sl="109" sc="9" el="109" ec="9" bec="0" bev="0" fileid="65" />
                <SequencePoint vc="50" uspid="7069" ordinal="0" offset="352" sl="89" sc="41" el="89" ec="41" bec="0" bev="0" fileid="65" />
                <SequencePoint vc="51" uspid="7070" ordinal="0" offset="368" sl="89" sc="25" el="89" ec="25" bec="0" bev="0" fileid="65" />
                <SequencePoint vc="1" uspid="7071" ordinal="0" offset="410" sl="111" sc="9" el="111" ec="9" bec="0" bev="0" fileid="65" />
                <SequencePoint vc="1" uspid="7072" ordinal="0" offset="432" sl="112" sc="9" el="112" ec="9" bec="0" bev="0" fileid="65" />
                <SequencePoint vc="1" uspid="7073" ordinal="0" offset="454" sl="113" sc="9" el="113" ec="9" bec="0" bev="0" fileid="65" />
                <SequencePoint vc="1" uspid="7074" ordinal="0" offset="476" sl="114" sc="5" el="114" ec="5" bec="0" bev="0" fileid="65" />
              </SequencePoints>
              <BranchPoints />
            </Method>
          </Methods>
        </Class>
        <Class>
          <Summary numSequencePoints="34" visitedSequencePoints="34" numBranchPoints="0" visitedBranchPoints="0" sequenceCoverage="100.0" branchCoverage="0.0" maxCyclomaticComplexity="0" minCyclomaticComplexity="0" maxCrapScore="0" minCrapScore="0" visitedClasses="1" numClasses="1" visitedMethods="1" numMethods="1" />
          <FullName>MapGenerationTests/&lt;Setup&gt;d__3</FullName>
          <Methods>
            <Method visited="true" cyclomaticComplexity="0" nPathComplexity="0" sequenceCoverage="100.0" branchCoverage="0" crapScore="0" isConstructor="false" isStatic="false" isGetter="false" isSetter="false">
              <Summary numSequencePoints="34" visitedSequencePoints="34" numBranchPoints="0" visitedBranchPoints="0" sequenceCoverage="100.0" branchCoverage="0" maxCyclomaticComplexity="0" minCyclomaticComplexity="0" maxCrapScore="0" minCrapScore="0" visitedClasses="0" numClasses="0" visitedMethods="1" numMethods="1" />
              <MetadataToken>100663314</MetadataToken>
              <Name>System.Boolean MapGenerationTests/&lt;Setup&gt;d__3::MoveNext()</Name>
              <FileRef uid="65" />
              <SequencePoints>
                <SequencePoint vc="1" uspid="7075" ordinal="0" offset="48" sl="16" sc="5" el="16" ec="5" bec="0" bev="0" fileid="65" />
                <SequencePoint vc="1" uspid="7076" ordinal="0" offset="49" sl="17" sc="9" el="17" ec="9" bec="0" bev="0" fileid="65" />
                <SequencePoint vc="1" uspid="7077" ordinal="0" offset="60" sl="19" sc="9" el="19" ec="9" bec="0" bev="0" fileid="65" />
                <SequencePoint vc="1" uspid="7078" ordinal="0" offset="77" sl="20" sc="9" el="20" ec="9" bec="0" bev="0" fileid="65" />
                <SequencePoint vc="1" uspid="7079" ordinal="0" offset="90" sl="22" sc="9" el="22" ec="9" bec="0" bev="0" fileid="65" />
                <SequencePoint vc="1" uspid="7080" ordinal="0" offset="106" sl="23" sc="9" el="23" ec="9" bec="0" bev="0" fileid="65" />
                <SequencePoint vc="1" uspid="7081" ordinal="0" offset="134" sl="28" sc="9" el="28" ec="9" bec="0" bev="0" fileid="65" />
                <SequencePoint vc="1" uspid="7082" ordinal="0" offset="152" sl="29" sc="9" el="29" ec="9" bec="0" bev="0" fileid="65" />
                <SequencePoint vc="1" uspid="7083" ordinal="0" offset="170" sl="31" sc="9" el="31" ec="9" bec="0" bev="0" fileid="65" />
                <SequencePoint vc="1" uspid="7084" ordinal="0" offset="192" sl="32" sc="9" el="32" ec="9" bec="0" bev="0" fileid="65" />
                <SequencePoint vc="1" uspid="7085" ordinal="0" offset="205" sl="34" sc="9" el="34" ec="9" bec="0" bev="0" fileid="65" />
                <SequencePoint vc="1" uspid="7086" ordinal="0" offset="233" sl="38" sc="9" el="38" ec="9" bec="0" bev="0" fileid="65" />
                <SequencePoint vc="1" uspid="7087" ordinal="0" offset="261" sl="42" sc="9" el="42" ec="9" bec="0" bev="0" fileid="65" />
                <SequencePoint vc="1" uspid="7088" ordinal="0" offset="289" sl="46" sc="9" el="46" ec="9" bec="0" bev="0" fileid="65" />
                <SequencePoint vc="1" uspid="7089" ordinal="0" offset="317" sl="51" sc="9" el="51" ec="9" bec="0" bev="0" fileid="65" />
                <SequencePoint vc="1" uspid="7090" ordinal="0" offset="350" sl="52" sc="9" el="52" ec="9" bec="0" bev="0" fileid="65" />
                <SequencePoint vc="1" uspid="7091" ordinal="0" offset="383" sl="53" sc="9" el="53" ec="9" bec="0" bev="0" fileid="65" />
                <SequencePoint vc="1" uspid="7092" ordinal="0" offset="416" sl="54" sc="9" el="54" ec="9" bec="0" bev="0" fileid="65" />
                <SequencePoint vc="1" uspid="7093" ordinal="0" offset="449" sl="56" sc="9" el="56" ec="9" bec="0" bev="0" fileid="65" />
                <SequencePoint vc="1" uspid="7094" ordinal="0" offset="461" sl="57" sc="9" el="57" ec="9" bec="0" bev="0" fileid="65" />
                <SequencePoint vc="1" uspid="7095" ordinal="0" offset="473" sl="58" sc="9" el="58" ec="9" bec="0" bev="0" fileid="65" />
                <SequencePoint vc="1" uspid="7096" ordinal="0" offset="485" sl="59" sc="9" el="59" ec="9" bec="0" bev="0" fileid="65" />
                <SequencePoint vc="1" uspid="7097" ordinal="0" offset="497" sl="61" sc="9" el="61" ec="9" bec="0" bev="0" fileid="65" />
                <SequencePoint vc="1" uspid="7098" ordinal="0" offset="524" sl="62" sc="9" el="62" ec="9" bec="0" bev="0" fileid="65" />
                <SequencePoint vc="1" uspid="7099" ordinal="0" offset="542" sl="63" sc="9" el="63" ec="9" bec="0" bev="0" fileid="65" />
                <SequencePoint vc="1" uspid="7100" ordinal="0" offset="564" sl="64" sc="9" el="64" ec="9" bec="0" bev="0" fileid="65" />
                <SequencePoint vc="1" uspid="7101" ordinal="0" offset="586" sl="65" sc="9" el="65" ec="9" bec="0" bev="0" fileid="65" />
                <SequencePoint vc="1" uspid="7102" ordinal="0" offset="608" sl="67" sc="9" el="67" ec="9" bec="0" bev="0" fileid="65" />
                <SequencePoint vc="1" uspid="7103" ordinal="0" offset="625" sl="68" sc="9" el="68" ec="9" bec="0" bev="0" fileid="65" />
                <SequencePoint vc="1" uspid="7104" ordinal="0" offset="641" sl="69" sc="9" el="69" ec="9" bec="0" bev="0" fileid="65" />
                <SequencePoint vc="1" uspid="7105" ordinal="0" offset="699" sl="70" sc="9" el="70" ec="9" bec="0" bev="0" fileid="65" />
                <SequencePoint vc="1" uspid="7106" ordinal="0" offset="731" sl="71" sc="9" el="71" ec="9" bec="0" bev="0" fileid="65" />
                <SequencePoint vc="1" uspid="7107" ordinal="0" offset="749" sl="73" sc="9" el="73" ec="9" bec="0" bev="0" fileid="65" />
                <SequencePoint vc="1" uspid="7108" ordinal="0" offset="772" sl="74" sc="5" el="74" ec="5" bec="0" bev="0" fileid="65" />
              </SequencePoints>
              <BranchPoints />
            </Method>
          </Methods>
        </Class>
        <Class>
          <Summary numSequencePoints="5" visitedSequencePoints="5" numBranchPoints="0" visitedBranchPoints="0" sequenceCoverage="100.0" branchCoverage="0.0" maxCyclomaticComplexity="0" minCyclomaticComplexity="0" maxCrapScore="0" minCrapScore="0" visitedClasses="1" numClasses="1" visitedMethods="1" numMethods="1" />
          <FullName>MapGenerationTests/&lt;Teardown&gt;d__5</FullName>
          <Methods>
            <Method visited="true" cyclomaticComplexity="0" nPathComplexity="0" sequenceCoverage="100.0" branchCoverage="0" crapScore="0" isConstructor="false" isStatic="false" isGetter="false" isSetter="false">
              <Summary numSequencePoints="5" visitedSequencePoints="5" numBranchPoints="0" visitedBranchPoints="0" sequenceCoverage="100.0" branchCoverage="0" maxCyclomaticComplexity="0" minCyclomaticComplexity="0" maxCrapScore="0" minCrapScore="0" visitedClasses="0" numClasses="0" visitedMethods="1" numMethods="1" />
              <MetadataToken>100663320</MetadataToken>
              <Name>System.Boolean MapGenerationTests/&lt;Teardown&gt;d__5::MoveNext()</Name>
              <FileRef uid="65" />
              <SequencePoints>
                <SequencePoint vc="1" uspid="7109" ordinal="0" offset="31" sl="118" sc="5" el="118" ec="5" bec="0" bev="0" fileid="65" />
                <SequencePoint vc="1" uspid="7110" ordinal="0" offset="32" sl="119" sc="9" el="119" ec="9" bec="0" bev="0" fileid="65" />
                <SequencePoint vc="1" uspid="7111" ordinal="0" offset="49" sl="120" sc="9" el="120" ec="9" bec="0" bev="0" fileid="65" />
                <SequencePoint vc="1" uspid="7112" ordinal="0" offset="66" sl="121" sc="9" el="121" ec="9" bec="0" bev="0" fileid="65" />
                <SequencePoint vc="1" uspid="7113" ordinal="0" offset="89" sl="122" sc="5" el="122" ec="5" bec="0" bev="0" fileid="65" />
              </SequencePoints>
              <BranchPoints />
            </Method>
          </Methods>
        </Class>
        <Class>
          <Summary numSequencePoints="5" visitedSequencePoints="5" numBranchPoints="0" visitedBranchPoints="0" sequenceCoverage="100.0" branchCoverage="0.0" maxCyclomaticComplexity="0" minCyclomaticComplexity="0" maxCrapScore="0" minCrapScore="0" visitedClasses="1" numClasses="1" visitedMethods="1" numMethods="1" />
          <FullName>PlayModeTests/&lt;PlayModeTestsWithEnumeratorPasses&gt;d__1</FullName>
          <Methods>
            <Method visited="true" cyclomaticComplexity="0" nPathComplexity="0" sequenceCoverage="100.0" branchCoverage="0" crapScore="0" isConstructor="false" isStatic="false" isGetter="false" isSetter="false">
              <Summary numSequencePoints="5" visitedSequencePoints="5" numBranchPoints="0" visitedBranchPoints="0" sequenceCoverage="100.0" branchCoverage="0" maxCyclomaticComplexity="0" minCyclomaticComplexity="0" maxCrapScore="0" minCrapScore="0" visitedClasses="0" numClasses="0" visitedMethods="1" numMethods="1" />
              <MetadataToken>100663326</MetadataToken>
              <Name>System.Boolean PlayModeTests/&lt;PlayModeTestsWithEnumeratorPasses&gt;d__1::MoveNext()</Name>
              <FileRef uid="64" />
              <SequencePoints>
                <SequencePoint vc="1" uspid="7114" ordinal="0" offset="31" sl="17" sc="60" el="17" ec="60" bec="0" bev="0" fileid="64" />
                <SequencePoint vc="1" uspid="7115" ordinal="0" offset="32" sl="20" sc="9" el="20" ec="9" bec="0" bev="0" fileid="64" />
                <SequencePoint vc="1" uspid="7116" ordinal="0" offset="39" sl="21" sc="9" el="21" ec="9" bec="0" bev="0" fileid="64" />
                <SequencePoint vc="1" uspid="7117" ordinal="0" offset="62" sl="22" sc="9" el="22" ec="9" bec="0" bev="0" fileid="64" />
                <SequencePoint vc="1" uspid="7118" ordinal="0" offset="69" sl="23" sc="5" el="23" ec="5" bec="0" bev="0" fileid="64" />
              </SequencePoints>
              <BranchPoints />
            </Method>
          </Methods>
        </Class>
      </Classes>
    </Module>
  </Modules>
</CoverageSession>